<?xml version="1.0" encoding="UTF-8" ?>
<testsuite tests="1" failures="1" name="teamsnap.entities.LeagueTest" time="9.864" errors="0" skipped="0">
  <properties>
[...]
</properties>
  <testcase classname="teamsnap.entities.LeagueTest" name="testGetLocationByName" time="9.864">
    <failure type="java.lang.AssertionError">java.lang.AssertionError
	at org.junit.Assert.fail(Assert.java:86)
	at org.junit.Assert.assertTrue(Assert.java:41)
	at org.junit.Assert.assertNotNull(Assert.java:621)
	at org.junit.Assert.assertNotNull(Assert.java:631)
	at teamsnap.entities.LeagueTest.testGetLocationByName(LeagueTest.java:14)
	at sun.reflect.NativeMethodAccessorImpl.invoke0(Native Method)
	at sun.reflect.NativeMethodAccessorImpl.invoke(NativeMethodAccessorImpl.java:62)
	at sun.reflect.DelegatingMethodAccessorImpl.invoke(DelegatingMethodAccessorImpl.java:43)
	at java.lang.reflect.Method.invoke(Method.java:498)
	at org.junit.runners.model.FrameworkMethod$1.runReflectiveCall(FrameworkMethod.java:47)
	at org.junit.internal.runners.model.ReflectiveCallable.run(ReflectiveCallable.java:12)
	at org.junit.runners.model.FrameworkMethod.invokeExplosively(FrameworkMethod.java:44)
	at org.junit.internal.runners.statements.InvokeMethod.evaluate(InvokeMethod.java:17)
	at org.junit.runners.ParentRunner.runLeaf(ParentRunner.java:271)
	at org.junit.runners.BlockJUnit4ClassRunner.runChild(BlockJUnit4ClassRunner.java:70)
	at org.junit.runners.BlockJUnit4ClassRunner.runChild(BlockJUnit4ClassRunner.java:50)
	at org.junit.runners.ParentRunner$3.run(ParentRunner.java:238)
	at org.junit.runners.ParentRunner$1.schedule(ParentRunner.java:63)
	at org.junit.runners.ParentRunner.runChildren(ParentRunner.java:236)
	at org.junit.runners.ParentRunner.access$000(ParentRunner.java:53)
	at org.junit.runners.ParentRunner$2.evaluate(ParentRunner.java:229)
	at org.junit.runners.ParentRunner.run(ParentRunner.java:309)
	at org.apache.maven.surefire.junit4.JUnit4Provider.execute(JUnit4Provider.java:252)
	at org.apache.maven.surefire.junit4.JUnit4Provider.executeTestSet(JUnit4Provider.java:141)
	at org.apache.maven.surefire.junit4.JUnit4Provider.invoke(JUnit4Provider.java:112)
	at sun.reflect.NativeMethodAccessorImpl.invoke0(Native Method)
	at sun.reflect.NativeMethodAccessorImpl.invoke(NativeMethodAccessorImpl.java:62)
	at sun.reflect.DelegatingMethodAccessorImpl.invoke(DelegatingMethodAccessorImpl.java:43)
	at java.lang.reflect.Method.invoke(Method.java:498)
	at org.apache.maven.surefire.util.ReflectionUtils.invokeMethodWithArray(ReflectionUtils.java:189)
	at org.apache.maven.surefire.booter.ProviderFactory$ProviderProxy.invoke(ProviderFactory.java:165)
	at org.apache.maven.surefire.booter.ProviderFactory.invokeProvider(ProviderFactory.java:85)
	at org.apache.maven.surefire.booter.ForkedBooter.runSuitesInProcess(ForkedBooter.java:115)
	at org.apache.maven.surefire.booter.ForkedBooter.main(ForkedBooter.java:75)
</failure>
    <system-err>Aug 05, 2017 6:33:21 PM teamsnap.auth.Authorization &lt;init&gt;
INFO: {&quot;access_token&quot;:&quot;a68d8edd32c91d14d5a562b311a229bdc31ec77e724f03bb671c7bdcaeca0a81&quot;,&quot;scope&quot;:&quot;read write&quot;,&quot;created_at&quot;:1501972404,&quot;token_type&quot;:&quot;bearer&quot;}
Aug 05, 2017 6:33:22 PM teamsnap.apiClient.Query execute
INFO: {&quot;collection&quot;:{&quot;template&quot;:{&quot;data&quot;:[{&quot;name&quot;:&quot;name&quot;,&quot;value&quot;:null},{&quot;name&quot;:&quot;url&quot;,&quot;value&quot;:null},{&quot;name&quot;:&quot;phone&quot;,&quot;value&quot;:null},{&quot;name&quot;:&quot;notes&quot;,&quot;value&quot;:null},{&quot;name&quot;:&quot;address&quot;,&quot;value&quot;:null},{&quot;name&quot;:&quot;division_id&quot;,&quot;value&quot;:null},{&quot;name&quot;:&quot;type&quot;,&quot;value&quot;:&quot;division_location&quot;}]},&quot;rel&quot;:&quot;division_locations&quot;,&quot;links&quot;:[{&quot;rel&quot;:&quot;events&quot;,&quot;href&quot;:&quot;https://api.teamsnap.com/v3/events&quot;},{&quot;rel&quot;:&quot;root&quot;,&quot;href&quot;:&quot;https://api.teamsnap.com/v3/&quot;},{&quot;rel&quot;:&quot;self&quot;,&quot;href&quot;:&quot;https://api.teamsnap.com/v3/division_locations/search?division_id=219060&quot;}],&quot;href&quot;:&quot;https://api.teamsnap.com/v3/division_locations&quot;,&quot;version&quot;:&quot;3.518.0&quot;,&quot;queries&quot;:[{&quot;data&quot;:[{&quot;name&quot;:&quot;division_id&quot;,&quot;value&quot;:null},{&quot;name&quot;:&quot;team_id&quot;,&quot;value&quot;:null},{&quot;name&quot;:&quot;id&quot;,&quot;value&quot;:null},{&quot;name&quot;:&quot;page_size&quot;,&quot;value&quot;:null,&quot;prompt&quot;:&quot;The number of items to return for each page. Sending this parameter with the query will enable paging for the returned collection.&quot;},{&quot;name&quot;:&quot;page_number&quot;,&quot;value&quot;:null,&quot;prompt&quot;:&quot;The number of the page to be returned. This requires that paging be turned on by also providing the page_size parameter.&quot;}],&quot;rel&quot;:&quot;search&quot;,&quot;href&quot;:&quot;https://api.teamsnap.com/v3/division_locations/search&quot;}],&quot;items&quot;:[{&quot;data&quot;:[{&quot;name&quot;:&quot;id&quot;,&quot;type&quot;:&quot;String&quot;,&quot;value&quot;:28324699},{&quot;name&quot;:&quot;type&quot;,&quot;type&quot;:&quot;String&quot;,&quot;value&quot;:&quot;division_location&quot;},{&quot;name&quot;:&quot;address&quot;,&quot;type&quot;:&quot;String&quot;,&quot;value&quot;:&quot;10 rue Radisson, Candiac, Quebec&quot;},{&quot;name&quot;:&quot;name&quot;,&quot;type&quot;:&quot;String&quot;,&quot;value&quot;:&quot;2 Glaces - Candiac&quot;},{&quot;name&quot;:&quot;notes&quot;,&quot;type&quot;:&quot;String&quot;,&quot;value&quot;:null},{&quot;name&quot;:&quot;phone&quot;,&quot;type&quot;:&quot;String&quot;,&quot;value&quot;:null},{&quot;name&quot;:&quot;division_id&quot;,&quot;type&quot;:&quot;String&quot;,&quot;value&quot;:219060},{&quot;name&quot;:&quot;url&quot;,&quot;type&quot;:&quot;String&quot;,&quot;value&quot;:&quot;https://maps.google.com/?ie=UTF8&amp;mrt=loc&amp;t=h&amp;view=map&amp;z=15&amp;output=embed&amp;q=10%2brue%2bRadisson%2bCandiac%2bQuebec%2bCanada%2bJ5R3X8&quot;}],&quot;rel&quot;:&quot;division_location-28324699&quot;,&quot;links&quot;:[{&quot;rel&quot;:&quot;events&quot;,&quot;href&quot;:&quot;https://api.teamsnap.com/v3/events/search?location_id=28324699&quot;}],&quot;href&quot;:&quot;https://api.teamsnap.com/v3/division_locations/28324699&quot;},{&quot;data&quot;:[{&quot;name&quot;:&quot;id&quot;,&quot;type&quot;:&quot;String&quot;,&quot;value&quot;:28324702},{&quot;name&quot;:&quot;type&quot;,&quot;type&quot;:&quot;String&quot;,&quot;value&quot;:&quot;division_location&quot;},{&quot;name&quot;:&quot;address&quot;,&quot;type&quot;:&quot;String&quot;,&quot;value&quot;:&quot;450 Centrale Street,, Memramcook, New Brunswick&quot;},{&quot;name&quot;:&quot;name&quot;,&quot;type&quot;:&quot;String&quot;,&quot;value&quot;:&quot;Arena Eugene Leblanc&quot;},{&quot;name&quot;:&quot;notes&quot;,&quot;type&quot;:&quot;String&quot;,&quot;value&quot;:null},{&quot;name&quot;:&quot;phone&quot;,&quot;type&quot;:&quot;String&quot;,&quot;value&quot;:null},{&quot;name&quot;:&quot;division_id&quot;,&quot;type&quot;:&quot;String&quot;,&quot;value&quot;:219060},{&quot;name&quot;:&quot;url&quot;,&quot;type&quot;:&quot;String&quot;,&quot;value&quot;:&quot;https://maps.google.com/?ie=UTF8&amp;mrt=loc&amp;t=h&amp;view=map&amp;z=15&amp;output=embed&amp;q=450%2bCentrale%2bStreet%2c%2bMemramcook%2bNew%2bBrunswick%2bCanada%2bE4K%2b3S5&quot;}],&quot;rel&quot;:&quot;division_location-28324702&quot;,&quot;links&quot;:[{&quot;rel&quot;:&quot;events&quot;,&quot;href&quot;:&quot;https://api.teamsnap.com/v3/events/search?location_id=28324702&quot;}],&quot;href&quot;:&quot;https://api.teamsnap.com/v3/division_locations/28324702&quot;},{&quot;data&quot;:[{&quot;name&quot;:&quot;id&quot;,&quot;type&quot;:&quot;String&quot;,&quot;value&quot;:28324703},{&quot;name&quot;:&quot;type&quot;,&quot;type&quot;:&quot;String&quot;,&quot;value&quot;:&quot;division_location&quot;},{&quot;name&quot;:&quot;address&quot;,&quot;type&quot;:&quot;String&quot;,&quot;value&quot;:&quot;77 James St., Arnprior, Ontario&quot;},{&quot;name&quot;:&quot;name&quot;,&quot;type&quot;:&quot;String&quot;,&quot;value&quot;:&quot;Arnprior A&quot;},{&quot;name&quot;:&quot;notes&quot;,&quot;type&quot;:&quot;String&quot;,&quot;value&quot;:null},{&quot;name&quot;:&quot;phone&quot;,&quot;type&quot;:&quot;String&quot;,&quot;value&quot;:null},{&quot;name&quot;:&quot;division_id&quot;,&quot;type&quot;:&quot;String&quot;,&quot;value&quot;:219060},{&quot;name&quot;:&quot;url&quot;,&quot;type&quot;:&quot;String&quot;,&quot;value&quot;:&quot;https://maps.google.com/?ie=UTF8&amp;mrt=loc&amp;t=h&amp;view=map&amp;z=15&amp;output=embed&amp;q=77%2bJames%2bSt.%2bArnprior%2bOntario%2bCanada&quot;}],&quot;rel&quot;:&quot;division_location-28324703&quot;,&quot;links&quot;:[{&quot;rel&quot;:&quot;events&quot;,&quot;href&quot;:&quot;https://api.teamsnap.com/v3/events/search?location_id=28324703&quot;}],&quot;href&quot;:&quot;https://api.teamsnap.com/v3/division_locations/28324703&quot;},{&quot;data&quot;:[{&quot;name&quot;:&quot;id&quot;,&quot;type&quot;:&quot;String&quot;,&quot;value&quot;:28324705},{&quot;name&quot;:&quot;type&quot;,&quot;type&quot;:&quot;String&quot;,&quot;value&quot;:&quot;division_location&quot;},{&quot;name&quot;:&quot;address&quot;,&quot;type&quot;:&quot;String&quot;,&quot;value&quot;:&quot;77 James St., Arnprior, Ontario&quot;},{&quot;name&quot;:&quot;name&quot;,&quot;type&quot;:&quot;String&quot;,&quot;value&quot;:&quot;Arnprior B&quot;},{&quot;name&quot;:&quot;notes&quot;,&quot;type&quot;:&quot;String&quot;,&quot;value&quot;:null},{&quot;name&quot;:&quot;phone&quot;,&quot;type&quot;:&quot;String&quot;,&quot;value&quot;:null},{&quot;name&quot;:&quot;division_id&quot;,&quot;type&quot;:&quot;String&quot;,&quot;value&quot;:219060},{&quot;name&quot;:&quot;url&quot;,&quot;type&quot;:&quot;String&quot;,&quot;value&quot;:&quot;https://maps.google.com/?ie=UTF8&amp;mrt=loc&amp;t=h&amp;view=map&amp;z=15&amp;output=embed&amp;q=77%2bJames%2bSt.%2bArnprior%2bOntario%2bCanada&quot;}],&quot;rel&quot;:&quot;division_location-28324705&quot;,&quot;links&quot;:[{&quot;rel&quot;:&quot;events&quot;,&quot;href&quot;:&quot;https://api.teamsnap.com/v3/events/search?location_id=28324705&quot;}],&quot;href&quot;:&quot;https://api.teamsnap.com/v3/division_locations/28324705&quot;},{&quot;data&quot;:[{&quot;name&quot;:&quot;id&quot;,&quot;type&quot;:&quot;String&quot;,&quot;value&quot;:28324708},{&quot;name&quot;:&quot;type&quot;,&quot;type&quot;:&quot;String&quot;,&quot;value&quot;:&quot;division_location&quot;},{&quot;name&quot;:&quot;address&quot;,&quot;type&quot;:&quot;String&quot;,&quot;value&quot;:&quot;2250 Torquay Ave, Ottawa, Ontario&quot;},{&quot;name&quot;:&quot;name&quot;,&quot;type&quot;:&quot;String&quot;,&quot;value&quot;:&quot;Barbara Anne Scott&quot;},{&quot;name&quot;:&quot;notes&quot;,&quot;type&quot;:&quot;String&quot;,&quot;value&quot;:null},{&quot;name&quot;:&quot;phone&quot;,&quot;type&quot;:&quot;String&quot;,&quot;value&quot;:null},{&quot;name&quot;:&quot;division_id&quot;,&quot;type&quot;:&quot;String&quot;,&quot;value&quot;:219060},{&quot;name&quot;:&quot;url&quot;,&quot;type&quot;:&quot;String&quot;,&quot;value&quot;:&quot;https://maps.google.com/?ie=UTF8&amp;mrt=loc&amp;t=h&amp;view=map&amp;z=15&amp;output=embed&amp;q=2250%2bTorquay%2bAve%2bOttawa%2bOntario%2bCanada%2bK2C1J3&quot;}],&quot;rel&quot;:&quot;division_location-28324708&quot;,&quot;links&quot;:[{&quot;rel&quot;:&quot;events&quot;,&quot;href&quot;:&quot;https://api.teamsnap.com/v3/events/search?location_id=28324708&quot;}],&quot;href&quot;:&quot;https://api.teamsnap.com/v3/division_locations/28324708&quot;},{&quot;data&quot;:[{&quot;name&quot;:&quot;id&quot;,&quot;type&quot;:&quot;String&quot;,&quot;value&quot;:28324711},{&quot;name&quot;:&quot;type&quot;,&quot;type&quot;:&quot;String&quot;,&quot;value&quot;:&quot;division_location&quot;},{&quot;name&quot;:&quot;address&quot;,&quot;type&quot;:&quot;String&quot;,&quot;value&quot;:&quot;231 Magnus Rue E, Gatineau, Quebec&quot;},{&quot;name&quot;:&quot;name&quot;,&quot;type&quot;:&quot;String&quot;,&quot;value&quot;:&quot;Baribeau&quot;},{&quot;name&quot;:&quot;notes&quot;,&quot;type&quot;:&quot;String&quot;,&quot;value&quot;:null},{&quot;name&quot;:&quot;phone&quot;,&quot;type&quot;:&quot;String&quot;,&quot;value&quot;:null},{&quot;name&quot;:&quot;division_id&quot;,&quot;type&quot;:&quot;String&quot;,&quot;value&quot;:219060},{&quot;name&quot;:&quot;url&quot;,&quot;type&quot;:&quot;String&quot;,&quot;value&quot;:&quot;https://maps.google.com/?ie=UTF8&amp;mrt=loc&amp;t=h&amp;view=map&amp;z=15&amp;output=embed&amp;q=231%2bMagnus%2bRue%2bE%2bGatineau%2bQuebec%2bCanada&quot;}],&quot;rel&quot;:&quot;division_location-28324711&quot;,&quot;links&quot;:[{&quot;rel&quot;:&quot;events&quot;,&quot;href&quot;:&quot;https://api.teamsnap.com/v3/events/search?location_id=28324711&quot;}],&quot;href&quot;:&quot;https://api.teamsnap.com/v3/division_locations/28324711&quot;},{&quot;data&quot;:[{&quot;name&quot;:&quot;id&quot;,&quot;type&quot;:&quot;String&quot;,&quot;value&quot;:28324714},{&quot;name&quot;:&quot;type&quot;,&quot;type&quot;:&quot;String&quot;,&quot;value&quot;:&quot;division_location&quot;},{&quot;name&quot;:&quot;address&quot;,&quot;type&quot;:&quot;String&quot;,&quot;value&quot;:&quot;3280 Leitrim Rd., Ottawa, Ontario&quot;},{&quot;name&quot;:&quot;name&quot;,&quot;type&quot;:&quot;String&quot;,&quot;value&quot;:&quot;Barrett East&quot;},{&quot;name&quot;:&quot;notes&quot;,&quot;type&quot;:&quot;String&quot;,&quot;value&quot;:null},{&quot;name&quot;:&quot;phone&quot;,&quot;type&quot;:&quot;String&quot;,&quot;value&quot;:null},{&quot;name&quot;:&quot;division_id&quot;,&quot;type&quot;:&quot;String&quot;,&quot;value&quot;:219060},{&quot;name&quot;:&quot;url&quot;,&quot;type&quot;:&quot;String&quot;,&quot;value&quot;:&quot;https://maps.google.com/?ie=UTF8&amp;mrt=loc&amp;t=h&amp;view=map&amp;z=15&amp;output=embed&amp;q=3280%2bLeitrim%2bRd.%2bOttawa%2bOntario%2bCanada&quot;}],&quot;rel&quot;:&quot;division_location-28324714&quot;,&quot;links&quot;:[{&quot;rel&quot;:&quot;events&quot;,&quot;href&quot;:&quot;https://api.teamsnap.com/v3/events/search?location_id=28324714&quot;}],&quot;href&quot;:&quot;https://api.teamsnap.com/v3/division_locations/28324714&quot;},{&quot;data&quot;:[{&quot;name&quot;:&quot;id&quot;,&quot;type&quot;:&quot;String&quot;,&quot;value&quot;:28324717},{&quot;name&quot;:&quot;type&quot;,&quot;type&quot;:&quot;String&quot;,&quot;value&quot;:&quot;division_location&quot;},{&quot;name&quot;:&quot;address&quot;,&quot;type&quot;:&quot;String&quot;,&quot;value&quot;:&quot;3280 Leitrim Rd., Ottawa, Ontario&quot;},{&quot;name&quot;:&quot;name&quot;,&quot;type&quot;:&quot;String&quot;,&quot;value&quot;:&quot;Barrett West&quot;},{&quot;name&quot;:&quot;notes&quot;,&quot;type&quot;:&quot;String&quot;,&quot;value&quot;:null},{&quot;name&quot;:&quot;phone&quot;,&quot;type&quot;:&quot;String&quot;,&quot;value&quot;:null},{&quot;name&quot;:&quot;division_id&quot;,&quot;type&quot;:&quot;String&quot;,&quot;value&quot;:219060},{&quot;name&quot;:&quot;url&quot;,&quot;type&quot;:&quot;String&quot;,&quot;value&quot;:&quot;https://maps.google.com/?ie=UTF8&amp;mrt=loc&amp;t=h&amp;view=map&amp;z=15&amp;output=embed&amp;q=3280%2bLeitrim%2bRd.%2bOttawa%2bOntario%2bCanada&quot;}],&quot;rel&quot;:&quot;division_location-28324717&quot;,&quot;links&quot;:[{&quot;rel&quot;:&quot;events&quot;,&quot;href&quot;:&quot;https://api.teamsnap.com/v3/events/search?location_id=28324717&quot;}],&quot;href&quot;:&quot;https://api.teamsnap.com/v3/division_locations/28324717&quot;},{&quot;data&quot;:[{&quot;name&quot;:&quot;id&quot;,&quot;type&quot;:&quot;String&quot;,&quot;value&quot;:28324718},{&quot;name&quot;:&quot;type&quot;,&quot;type&quot;:&quot;String&quot;,&quot;value&quot;:&quot;division_location&quot;},{&quot;name&quot;:&quot;address&quot;,&quot;type&quot;:&quot;String&quot;,&quot;value&quot;:&quot;1974 City Ln, Beaconsfield, Quebec&quot;},{&quot;name&quot;:&quot;name&quot;,&quot;type&quot;:&quot;String&quot;,&quot;value&quot;:&quot;Beaconsfield&quot;},{&quot;name&quot;:&quot;notes&quot;,&quot;type&quot;:&quot;String&quot;,&quot;value&quot;:null},{&quot;name&quot;:&quot;phone&quot;,&quot;type&quot;:&quot;String&quot;,&quot;value&quot;:null},{&quot;name&quot;:&quot;division_id&quot;,&quot;type&quot;:&quot;String&quot;,&quot;value&quot;:219060},{&quot;name&quot;:&quot;url&quot;,&quot;type&quot;:&quot;String&quot;,&quot;value&quot;:&quot;https://maps.google.com/?ie=UTF8&amp;mrt=loc&amp;t=h&amp;view=map&amp;z=15&amp;output=embed&amp;q=1974%2bCity%2bLn%2bBeaconsfield%2bQuebec%2bCanada&quot;}],&quot;rel&quot;:&quot;division_location-28324718&quot;,&quot;links&quot;:[{&quot;rel&quot;:&quot;events&quot;,&quot;href&quot;:&quot;https://api.teamsnap.com/v3/events/search?location_id=28324718&quot;}],&quot;href&quot;:&quot;https://api.teamsnap.com/v3/division_locations/28324718&quot;},{&quot;data&quot;:[{&quot;name&quot;:&quot;id&quot;,&quot;type&quot;:&quot;String&quot;,&quot;value&quot;:28324721},{&quot;name&quot;:&quot;type&quot;,&quot;type&quot;:&quot;String&quot;,&quot;value&quot;:&quot;division_location&quot;},{&quot;name&quot;:&quot;address&quot;,&quot;type&quot;:&quot;String&quot;,&quot;value&quot;:&quot;23 rue St-Alexandre, Gatineau, Quebec&quot;},{&quot;name&quot;:&quot;name&quot;,&quot;type&quot;:&quot;String&quot;,&quot;value&quot;:&quot;Beaudry&quot;},{&quot;name&quot;:&quot;notes&quot;,&quot;type&quot;:&quot;String&quot;,&quot;value&quot;:null},{&quot;name&quot;:&quot;phone&quot;,&quot;type&quot;:&quot;String&quot;,&quot;value&quot;:null},{&quot;name&quot;:&quot;division_id&quot;,&quot;type&quot;:&quot;String&quot;,&quot;value&quot;:219060},{&quot;name&quot;:&quot;url&quot;,&quot;type&quot;:&quot;String&quot;,&quot;value&quot;:&quot;https://maps.google.com/?ie=UTF8&amp;mrt=loc&amp;t=h&amp;view=map&amp;z=15&amp;output=embed&amp;q=23%2brue%2bSt-Alexandre%2bGatineau%2bQuebec%2bCanada&quot;}],&quot;rel&quot;:&quot;division_location-28324721&quot;,&quot;links&quot;:[{&quot;rel&quot;:&quot;events&quot;,&quot;href&quot;:&quot;https://api.teamsnap.com/v3/events/search?location_id=28324721&quot;}],&quot;href&quot;:&quot;https://api.teamsnap.com/v3/division_locations/28324721&quot;},{&quot;data&quot;:[{&quot;name&quot;:&quot;id&quot;,&quot;type&quot;:&quot;String&quot;,&quot;value&quot;:28324723},{&quot;name&quot;:&quot;type&quot;,&quot;type&quot;:&quot;String&quot;,&quot;value&quot;:&quot;division_location&quot;},{&quot;name&quot;:&quot;address&quot;,&quot;type&quot;:&quot;String&quot;,&quot;value&quot;:&quot;50 Cedarview Rd, Nepean, Ontario&quot;},{&quot;name&quot;:&quot;name&quot;,&quot;type&quot;:&quot;String&quot;,&quot;value&quot;:&quot;Bell&quot;},{&quot;name&quot;:&quot;notes&quot;,&quot;type&quot;:&quot;String&quot;,&quot;value&quot;:null},{&quot;name&quot;:&quot;phone&quot;,&quot;type&quot;:&quot;String&quot;,&quot;value&quot;:null},{&quot;name&quot;:&quot;division_id&quot;,&quot;type&quot;:&quot;String&quot;,&quot;value&quot;:219060},{&quot;name&quot;:&quot;url&quot;,&quot;type&quot;:&quot;String&quot;,&quot;value&quot;:&quot;https://maps.google.com/?ie=UTF8&amp;mrt=loc&amp;t=h&amp;view=map&amp;z=15&amp;output=embed&amp;q=50%2bCedarview%2bRd%2bNepean%2bOntario%2bCanada&quot;}],&quot;rel&quot;:&quot;division_location-28324723&quot;,&quot;links&quot;:[{&quot;rel&quot;:&quot;events&quot;,&quot;href&quot;:&quot;https://api.teamsnap.com/v3/events/search?location_id=28324723&quot;}],&quot;href&quot;:&quot;https://api.teamsnap.com/v3/division_locations/28324723&quot;},{&quot;data&quot;:[{&quot;name&quot;:&quot;id&quot;,&quot;type&quot;:&quot;String&quot;,&quot;value&quot;:28324726},{&quot;name&quot;:&quot;type&quot;,&quot;type&quot;:&quot;String&quot;,&quot;value&quot;:&quot;division_location&quot;},{&quot;name&quot;:&quot;address&quot;,&quot;type&quot;:&quot;String&quot;,&quot;value&quot;:&quot;2915 Haughton Ave, Ottawa, Ontario&quot;},{&quot;name&quot;:&quot;name&quot;,&quot;type&quot;:&quot;String&quot;,&quot;value&quot;:&quot;Belltown Dome&quot;},{&quot;name&quot;:&quot;notes&quot;,&quot;type&quot;:&quot;String&quot;,&quot;value&quot;:null},{&quot;name&quot;:&quot;phone&quot;,&quot;type&quot;:&quot;String&quot;,&quot;value&quot;:null},{&quot;name&quot;:&quot;division_id&quot;,&quot;type&quot;:&quot;String&quot;,&quot;value&quot;:219060},{&quot;name&quot;:&quot;url&quot;,&quot;type&quot;:&quot;String&quot;,&quot;value&quot;:&quot;https://maps.google.com/?ie=UTF8&amp;mrt=loc&amp;t=h&amp;view=map&amp;z=15&amp;output=embed&amp;q=2915%2bHaughton%2bAve%2bOttawa%2bOntario%2bCanada%2bK2B6Z4&quot;}],&quot;rel&quot;:&quot;division_location-28324726&quot;,&quot;links&quot;:[{&quot;rel&quot;:&quot;events&quot;,&quot;href&quot;:&quot;https://api.teamsnap.com/v3/events/search?location_id=28324726&quot;}],&quot;href&quot;:&quot;https://api.teamsnap.com/v3/division_locations/28324726&quot;},{&quot;data&quot;:[{&quot;name&quot;:&quot;id&quot;,&quot;type&quot;:&quot;String&quot;,&quot;value&quot;:28324729},{&quot;name&quot;:&quot;type&quot;,&quot;type&quot;:&quot;String&quot;,&quot;value&quot;:&quot;division_location&quot;},{&quot;name&quot;:&quot;address&quot;,&quot;type&quot;:&quot;String&quot;,&quot;value&quot;:&quot;200 Glen Park Dr, Ottawa&quot;},{&quot;name&quot;:&quot;name&quot;,&quot;type&quot;:&quot;String&quot;,&quot;value&quot;:&quot;Blackburn&quot;},{&quot;name&quot;:&quot;notes&quot;,&quot;type&quot;:&quot;String&quot;,&quot;value&quot;:null},{&quot;name&quot;:&quot;phone&quot;,&quot;type&quot;:&quot;String&quot;,&quot;value&quot;:null},{&quot;name&quot;:&quot;division_id&quot;,&quot;type&quot;:&quot;String&quot;,&quot;value&quot;:219060},{&quot;name&quot;:&quot;url&quot;,&quot;type&quot;:&quot;String&quot;,&quot;value&quot;:&quot;https://maps.google.com/?ie=UTF8&amp;mrt=loc&amp;t=h&amp;view=map&amp;z=15&amp;output=embed&amp;q=200%2bGlen%2bPark%2bDr%2bOttawa%2bK1B%2b5A3&quot;}],&quot;rel&quot;:&quot;division_location-28324729&quot;,&quot;links&quot;:[{&quot;rel&quot;:&quot;events&quot;,&quot;href&quot;:&quot;https://api.teamsnap.com/v3/events/search?location_id=28324729&quot;}],&quot;href&quot;:&quot;https://api.teamsnap.com/v3/division_locations/28324729&quot;},{&quot;data&quot;:[{&quot;name&quot;:&quot;id&quot;,&quot;type&quot;:&quot;String&quot;,&quot;value&quot;:28324732},{&quot;name&quot;:&quot;type&quot;,&quot;type&quot;:&quot;String&quot;,&quot;value&quot;:&quot;division_location&quot;},{&quot;name&quot;:&quot;address&quot;,&quot;type&quot;:&quot;String&quot;,&quot;value&quot;:&quot;1009 rue de la Mairie, Blainville, Quebec&quot;},{&quot;name&quot;:&quot;name&quot;,&quot;type&quot;:&quot;String&quot;,&quot;value&quot;:&quot;Blainville&quot;},{&quot;name&quot;:&quot;notes&quot;,&quot;type&quot;:&quot;String&quot;,&quot;value&quot;:null},{&quot;name&quot;:&quot;phone&quot;,&quot;type&quot;:&quot;String&quot;,&quot;value&quot;:null},{&quot;name&quot;:&quot;division_id&quot;,&quot;type&quot;:&quot;String&quot;,&quot;value&quot;:219060},{&quot;name&quot;:&quot;url&quot;,&quot;type&quot;:&quot;String&quot;,&quot;value&quot;:&quot;https://maps.google.com/?ie=UTF8&amp;mrt=loc&amp;t=h&amp;view=map&amp;z=15&amp;output=embed&amp;q=1009%2brue%2bde%2bla%2bMairie%2bBlainville%2bQuebec%2bCanada&quot;}],&quot;rel&quot;:&quot;division_location-28324732&quot;,&quot;links&quot;:[{&quot;rel&quot;:&quot;events&quot;,&quot;href&quot;:&quot;https://api.teamsnap.com/v3/events/search?location_id=28324732&quot;}],&quot;href&quot;:&quot;https://api.teamsnap.com/v3/division_locations/28324732&quot;},{&quot;data&quot;:[{&quot;name&quot;:&quot;id&quot;,&quot;type&quot;:&quot;String&quot;,&quot;value&quot;:28324735},{&quot;name&quot;:&quot;type&quot;,&quot;type&quot;:&quot;String&quot;,&quot;value&quot;:&quot;division_location&quot;},{&quot;name&quot;:&quot;address&quot;,&quot;type&quot;:&quot;String&quot;,&quot;value&quot;:&quot;999 boul. de la Grande-AllÃ©e, Boisbriand,, Quebec&quot;},{&quot;name&quot;:&quot;name&quot;,&quot;type&quot;:&quot;String&quot;,&quot;value&quot;:&quot;Boisbriand&quot;},{&quot;name&quot;:&quot;notes&quot;,&quot;type&quot;:&quot;String&quot;,&quot;value&quot;:null},{&quot;name&quot;:&quot;phone&quot;,&quot;type&quot;:&quot;String&quot;,&quot;value&quot;:null},{&quot;name&quot;:&quot;division_id&quot;,&quot;type&quot;:&quot;String&quot;,&quot;value&quot;:219060},{&quot;name&quot;:&quot;url&quot;,&quot;type&quot;:&quot;String&quot;,&quot;value&quot;:&quot;https://maps.google.com/?ie=UTF8&amp;mrt=loc&amp;t=h&amp;view=map&amp;z=15&amp;output=embed&amp;q=999%2bboul.%2bde%2bla%2bGrande-All%c3%a9e%2bBoisbriand%2c%2bQuebec%2bCanada%2bJ7G1W&quot;}],&quot;rel&quot;:&quot;division_location-28324735&quot;,&quot;links&quot;:[{&quot;rel&quot;:&quot;events&quot;,&quot;href&quot;:&quot;https://api.teamsnap.com/v3/events/search?location_id=28324735&quot;}],&quot;href&quot;:&quot;https://api.teamsnap.com/v3/division_locations/28324735&quot;},{&quot;data&quot;:[{&quot;name&quot;:&quot;id&quot;,&quot;type&quot;:&quot;String&quot;,&quot;value&quot;:28324741},{&quot;name&quot;:&quot;type&quot;,&quot;type&quot;:&quot;String&quot;,&quot;value&quot;:&quot;division_location&quot;},{&quot;name&quot;:&quot;address&quot;,&quot;type&quot;:&quot;String&quot;,&quot;value&quot;:&quot;25 Rue De Parc, Bouctouche, New Brunswick&quot;},{&quot;name&quot;:&quot;name&quot;,&quot;type&quot;:&quot;String&quot;,&quot;value&quot;:&quot;Bouctouche Forum&quot;},{&quot;name&quot;:&quot;notes&quot;,&quot;type&quot;:&quot;String&quot;,&quot;value&quot;:null},{&quot;name&quot;:&quot;phone&quot;,&quot;type&quot;:&quot;String&quot;,&quot;value&quot;:null},{&quot;name&quot;:&quot;division_id&quot;,&quot;type&quot;:&quot;String&quot;,&quot;value&quot;:219060},{&quot;name&quot;:&quot;url&quot;,&quot;type&quot;:&quot;String&quot;,&quot;value&quot;:&quot;https://maps.google.com/?ie=UTF8&amp;mrt=loc&amp;t=h&amp;view=map&amp;z=15&amp;output=embed&amp;q=25%2bRue%2bDe%2bParc%2bBouctouche%2bNew%2bBrunswick%2bCanada%2bE4S%2b3C3&quot;}],&quot;rel&quot;:&quot;division_location-28324741&quot;,&quot;links&quot;:[{&quot;rel&quot;:&quot;events&quot;,&quot;href&quot;:&quot;https://api.teamsnap.com/v3/events/search?location_id=28324741&quot;}],&quot;href&quot;:&quot;https://api.teamsnap.com/v3/division_locations/28324741&quot;},{&quot;data&quot;:[{&quot;name&quot;:&quot;id&quot;,&quot;type&quot;:&quot;String&quot;,&quot;value&quot;:28324744},{&quot;name&quot;:&quot;type&quot;,&quot;type&quot;:&quot;String&quot;,&quot;value&quot;:&quot;division_location&quot;},{&quot;name&quot;:&quot;address&quot;,&quot;type&quot;:&quot;String&quot;,&quot;value&quot;:&quot;499 Boulevard Labrosse, Gatineau, Quebec&quot;},{&quot;name&quot;:&quot;name&quot;,&quot;type&quot;:&quot;String&quot;,&quot;value&quot;:&quot;Branchaud-Briere&quot;},{&quot;name&quot;:&quot;notes&quot;,&quot;type&quot;:&quot;String&quot;,&quot;value&quot;:null},{&quot;name&quot;:&quot;phone&quot;,&quot;type&quot;:&quot;String&quot;,&quot;value&quot;:null},{&quot;name&quot;:&quot;division_id&quot;,&quot;type&quot;:&quot;String&quot;,&quot;value&quot;:219060},{&quot;name&quot;:&quot;url&quot;,&quot;type&quot;:&quot;String&quot;,&quot;value&quot;:&quot;https://maps.google.com/?ie=UTF8&amp;mrt=loc&amp;t=h&amp;view=map&amp;z=15&amp;output=embed&amp;q=499%2bBoulevard%2bLabrosse%2bGatineau%2bQuebec%2bCanada&quot;}],&quot;rel&quot;:&quot;division_location-28324744&quot;,&quot;links&quot;:[{&quot;rel&quot;:&quot;events&quot;,&quot;href&quot;:&quot;https://api.teamsnap.com/v3/events/search?location_id=28324744&quot;}],&quot;href&quot;:&quot;https://api.teamsnap.com/v3/division_locations/28324744&quot;},{&quot;data&quot;:[{&quot;name&quot;:&quot;id&quot;,&quot;type&quot;:&quot;String&quot;,&quot;value&quot;:28324747},{&quot;name&quot;:&quot;type&quot;,&quot;type&quot;:&quot;String&quot;,&quot;value&quot;:&quot;division_location&quot;},{&quot;name&quot;:&quot;address&quot;,&quot;type&quot;:&quot;String&quot;,&quot;value&quot;:&quot;210 Hopewell Ave., Ottawa, Ontario&quot;},{&quot;name&quot;:&quot;name&quot;,&quot;type&quot;:&quot;String&quot;,&quot;value&quot;:&quot;Brewer&quot;},{&quot;name&quot;:&quot;notes&quot;,&quot;type&quot;:&quot;String&quot;,&quot;value&quot;:null},{&quot;name&quot;:&quot;phone&quot;,&quot;type&quot;:&quot;String&quot;,&quot;value&quot;:null},{&quot;name&quot;:&quot;division_id&quot;,&quot;type&quot;:&quot;String&quot;,&quot;value&quot;:219060},{&quot;name&quot;:&quot;url&quot;,&quot;type&quot;:&quot;String&quot;,&quot;value&quot;:&quot;https://maps.google.com/?ie=UTF8&amp;mrt=loc&amp;t=h&amp;view=map&amp;z=15&amp;output=embed&amp;q=210%2bHopewell%2bAve.%2bOttawa%2bOntario%2bCanada&quot;}],&quot;rel&quot;:&quot;division_location-28324747&quot;,&quot;links&quot;:[{&quot;rel&quot;:&quot;events&quot;,&quot;href&quot;:&quot;https://api.teamsnap.com/v3/events/search?location_id=28324747&quot;}],&quot;href&quot;:&quot;https://api.teamsnap.com/v3/division_locations/28324747&quot;},{&quot;data&quot;:[{&quot;name&quot;:&quot;id&quot;,&quot;type&quot;:&quot;String&quot;,&quot;value&quot;:28324750},{&quot;name&quot;:&quot;type&quot;,&quot;type&quot;:&quot;String&quot;,&quot;value&quot;:&quot;division_location&quot;},{&quot;name&quot;:&quot;address&quot;,&quot;type&quot;:&quot;String&quot;,&quot;value&quot;:&quot;981 route Lagueux, Saint-Ã\u2030tienne, Quebec&quot;},{&quot;name&quot;:&quot;name&quot;,&quot;type&quot;:&quot;String&quot;,&quot;value&quot;:&quot;Bruno Verret 1&quot;},{&quot;name&quot;:&quot;notes&quot;,&quot;type&quot;:&quot;String&quot;,&quot;value&quot;:null},{&quot;name&quot;:&quot;phone&quot;,&quot;type&quot;:&quot;String&quot;,&quot;value&quot;:null},{&quot;name&quot;:&quot;division_id&quot;,&quot;type&quot;:&quot;String&quot;,&quot;value&quot;:219060},{&quot;name&quot;:&quot;url&quot;,&quot;type&quot;:&quot;String&quot;,&quot;value&quot;:&quot;https://maps.google.com/?ie=UTF8&amp;mrt=loc&amp;t=h&amp;view=map&amp;z=15&amp;output=embed&amp;q=981%2broute%2bLagueux%2bSaint-%c3%89tienne%2bQuebec%2bCanada&quot;}],&quot;rel&quot;:&quot;division_location-28324750&quot;,&quot;links&quot;:[{&quot;rel&quot;:&quot;events&quot;,&quot;href&quot;:&quot;https://api.teamsnap.com/v3/events/search?location_id=28324750&quot;}],&quot;href&quot;:&quot;https://api.teamsnap.com/v3/division_locations/28324750&quot;},{&quot;data&quot;:[{&quot;name&quot;:&quot;id&quot;,&quot;type&quot;:&quot;String&quot;,&quot;value&quot;:28324753},{&quot;name&quot;:&quot;type&quot;,&quot;type&quot;:&quot;String&quot;,&quot;value&quot;:&quot;division_location&quot;},{&quot;name&quot;:&quot;address&quot;,&quot;type&quot;:&quot;String&quot;,&quot;value&quot;:&quot;185 rue de l`arÃ©na, Levis, Quebec&quot;},{&quot;name&quot;:&quot;name&quot;,&quot;type&quot;:&quot;String&quot;,&quot;value&quot;:&quot;BSR&quot;},{&quot;name&quot;:&quot;notes&quot;,&quot;type&quot;:&quot;String&quot;,&quot;value&quot;:null},{&quot;name&quot;:&quot;phone&quot;,&quot;type&quot;:&quot;String&quot;,&quot;value&quot;:null},{&quot;name&quot;:&quot;division_id&quot;,&quot;type&quot;:&quot;String&quot;,&quot;value&quot;:219060},{&quot;name&quot;:&quot;url&quot;,&quot;type&quot;:&quot;String&quot;,&quot;value&quot;:&quot;https://maps.google.com/?ie=UTF8&amp;mrt=loc&amp;t=h&amp;view=map&amp;z=15&amp;output=embed&amp;q=185%2brue%2bde%2bl%60ar%c3%a9na%2bLevis%2bQuebec%2bCanada%2bG7A%2b1E4&quot;}],&quot;rel&quot;:&quot;division_location-28324753&quot;,&quot;links&quot;:[{&quot;rel&quot;:&quot;events&quot;,&quot;href&quot;:&quot;https://api.teamsnap.com/v3/events/search?location_id=28324753&quot;}],&quot;href&quot;:&quot;https://api.teamsnap.com/v3/division_locations/28324753&quot;},{&quot;data&quot;:[{&quot;name&quot;:&quot;id&quot;,&quot;type&quot;:&quot;String&quot;,&quot;value&quot;:28324756},{&quot;name&quot;:&quot;type&quot;,&quot;type&quot;:&quot;String&quot;,&quot;value&quot;:&quot;division_location&quot;},{&quot;name&quot;:&quot;address&quot;,&quot;type&quot;:&quot;String&quot;,&quot;value&quot;:&quot;485, rue James, Buckingham, Quebec&quot;},{&quot;name&quot;:&quot;name&quot;,&quot;type&quot;:&quot;String&quot;,&quot;value&quot;:&quot;Buckingham&quot;},{&quot;name&quot;:&quot;notes&quot;,&quot;type&quot;:&quot;String&quot;,&quot;value&quot;:null},{&quot;name&quot;:&quot;phone&quot;,&quot;type&quot;:&quot;String&quot;,&quot;value&quot;:null},{&quot;name&quot;:&quot;division_id&quot;,&quot;type&quot;:&quot;String&quot;,&quot;value&quot;:219060},{&quot;name&quot;:&quot;url&quot;,&quot;type&quot;:&quot;String&quot;,&quot;value&quot;:&quot;https://maps.google.com/?ie=UTF8&amp;mrt=loc&amp;t=h&amp;view=map&amp;z=15&amp;output=embed&amp;q=485%2c%2brue%2bJames%2bBuckingham%2bQuebec%2bCanada&quot;}],&quot;rel&quot;:&quot;division_location-28324756&quot;,&quot;links&quot;:[{&quot;rel&quot;:&quot;events&quot;,&quot;href&quot;:&quot;https://api.teamsnap.com/v3/events/search?location_id=28324756&quot;}],&quot;href&quot;:&quot;https://api.teamsnap.com/v3/division_locations/28324756&quot;},{&quot;data&quot;:[{&quot;name&quot;:&quot;id&quot;,&quot;type&quot;:&quot;String&quot;,&quot;value&quot;:28324759},{&quot;name&quot;:&quot;type&quot;,&quot;type&quot;:&quot;String&quot;,&quot;value&quot;:&quot;division_location&quot;},{&quot;name&quot;:&quot;address&quot;,&quot;type&quot;:&quot;String&quot;,&quot;value&quot;:&quot;University Dr., Ottawa, Ontario&quot;},{&quot;name&quot;:&quot;name&quot;,&quot;type&quot;:&quot;String&quot;,&quot;value&quot;:&quot;Carleton University&quot;},{&quot;name&quot;:&quot;notes&quot;,&quot;type&quot;:&quot;String&quot;,&quot;value&quot;:null},{&quot;name&quot;:&quot;phone&quot;,&quot;type&quot;:&quot;String&quot;,&quot;value&quot;:null},{&quot;name&quot;:&quot;division_id&quot;,&quot;type&quot;:&quot;String&quot;,&quot;value&quot;:219060},{&quot;name&quot;:&quot;url&quot;,&quot;type&quot;:&quot;String&quot;,&quot;value&quot;:&quot;https://maps.google.com/?ie=UTF8&amp;mrt=loc&amp;t=h&amp;view=map&amp;z=15&amp;output=embed&amp;q=University%2bDr.%2bOttawa%2bOntario%2bCanada&quot;}],&quot;rel&quot;:&quot;division_location-28324759&quot;,&quot;links&quot;:[{&quot;rel&quot;:&quot;events&quot;,&quot;href&quot;:&quot;https://api.teamsnap.com/v3/events/search?location_id=28324759&quot;}],&quot;href&quot;:&quot;https://api.teamsnap.com/v3/division_locations/28324759&quot;},{&quot;data&quot;:[{&quot;name&quot;:&quot;id&quot;,&quot;type&quot;:&quot;String&quot;,&quot;value&quot;:28324762},{&quot;name&quot;:&quot;type&quot;,&quot;type&quot;:&quot;String&quot;,&quot;value&quot;:&quot;division_location&quot;},{&quot;name&quot;:&quot;address&quot;,&quot;type&quot;:&quot;String&quot;,&quot;value&quot;:&quot;3832 Carp Rd, Carp, Ontario&quot;},{&quot;name&quot;:&quot;name&quot;,&quot;type&quot;:&quot;String&quot;,&quot;value&quot;:&quot;Carp&quot;},{&quot;name&quot;:&quot;notes&quot;,&quot;type&quot;:&quot;String&quot;,&quot;value&quot;:null},{&quot;name&quot;:&quot;phone&quot;,&quot;type&quot;:&quot;String&quot;,&quot;value&quot;:null},{&quot;name&quot;:&quot;division_id&quot;,&quot;type&quot;:&quot;String&quot;,&quot;value&quot;:219060},{&quot;name&quot;:&quot;url&quot;,&quot;type&quot;:&quot;String&quot;,&quot;value&quot;:&quot;https://maps.google.com/?ie=UTF8&amp;mrt=loc&amp;t=h&amp;view=map&amp;z=15&amp;output=embed&amp;q=3832%2bCarp%2bRd%2bCarp%2bOntario%2bCanada&quot;}],&quot;rel&quot;:&quot;division_location-28324762&quot;,&quot;links&quot;:[{&quot;rel&quot;:&quot;events&quot;,&quot;href&quot;:&quot;https://api.teamsnap.com/v3/events/search?location_id=28324762&quot;}],&quot;href&quot;:&quot;https://api.teamsnap.com/v3/division_locations/28324762&quot;},{&quot;data&quot;:[{&quot;name&quot;:&quot;id&quot;,&quot;type&quot;:&quot;String&quot;,&quot;value&quot;:28324763},{&quot;name&quot;:&quot;type&quot;,&quot;type&quot;:&quot;String&quot;,&quot;value&quot;:&quot;division_location&quot;},{&quot;name&quot;:&quot;address&quot;,&quot;type&quot;:&quot;String&quot;,&quot;value&quot;:&quot;1030 Sunnyside Rd., Kingston, Ontario&quot;},{&quot;name&quot;:&quot;name&quot;,&quot;type&quot;:&quot;String&quot;,&quot;value&quot;:&quot;Cataraqui&quot;},{&quot;name&quot;:&quot;notes&quot;,&quot;type&quot;:&quot;String&quot;,&quot;value&quot;:null},{&quot;name&quot;:&quot;phone&quot;,&quot;type&quot;:&quot;String&quot;,&quot;value&quot;:null},{&quot;name&quot;:&quot;division_id&quot;,&quot;type&quot;:&quot;String&quot;,&quot;value&quot;:219060},{&quot;name&quot;:&quot;url&quot;,&quot;type&quot;:&quot;String&quot;,&quot;value&quot;:&quot;https://maps.google.com/?ie=UTF8&amp;mrt=loc&amp;t=h&amp;view=map&amp;z=15&amp;output=embed&amp;q=1030%2bSunnyside%2bRd.%2bKingston%2bOntario%2bCanada&quot;}],&quot;rel&quot;:&quot;division_location-28324763&quot;,&quot;links&quot;:[{&quot;rel&quot;:&quot;events&quot;,&quot;href&quot;:&quot;https://api.teamsnap.com/v3/events/search?location_id=28324763&quot;}],&quot;href&quot;:&quot;https://api.teamsnap.com/v3/division_locations/28324763&quot;},{&quot;data&quot;:[{&quot;name&quot;:&quot;id&quot;,&quot;type&quot;:&quot;String&quot;,&quot;value&quot;:28324765},{&quot;name&quot;:&quot;type&quot;,&quot;type&quot;:&quot;String&quot;,&quot;value&quot;:&quot;division_location&quot;},{&quot;name&quot;:&quot;address&quot;,&quot;type&quot;:&quot;String&quot;,&quot;value&quot;:&quot;905 Route Saint Martin, Sainte-Marie, Quebec&quot;},{&quot;name&quot;:&quot;name&quot;,&quot;type&quot;:&quot;String&quot;,&quot;value&quot;:&quot;Centre Caztel&quot;},{&quot;name&quot;:&quot;notes&quot;,&quot;type&quot;:&quot;String&quot;,&quot;value&quot;:null},{&quot;name&quot;:&quot;phone&quot;,&quot;type&quot;:&quot;String&quot;,&quot;value&quot;:null},{&quot;name&quot;:&quot;division_id&quot;,&quot;type&quot;:&quot;String&quot;,&quot;value&quot;:219060},{&quot;name&quot;:&quot;url&quot;,&quot;type&quot;:&quot;String&quot;,&quot;value&quot;:&quot;https://maps.google.com/?ie=UTF8&amp;mrt=loc&amp;t=h&amp;view=map&amp;z=15&amp;output=embed&amp;q=905%2bRoute%2bSaint%2bMartin%2bSainte-Marie%2bQuebec%2bCanada%2bG6E%2b1E6&quot;}],&quot;rel&quot;:&quot;division_location-28324765&quot;,&quot;links&quot;:[{&quot;rel&quot;:&quot;events&quot;,&quot;href&quot;:&quot;https://api.teamsnap.com/v3/events/search?location_id=28324765&quot;}],&quot;href&quot;:&quot;https://api.teamsnap.com/v3/division_locations/28324765&quot;},{&quot;data&quot;:[{&quot;name&quot;:&quot;id&quot;,&quot;type&quot;:&quot;String&quot;,&quot;value&quot;:28324768},{&quot;name&quot;:&quot;type&quot;,&quot;type&quot;:&quot;String&quot;,&quot;value&quot;:&quot;division_location&quot;},{&quot;name&quot;:&quot;address&quot;,&quot;type&quot;:&quot;String&quot;,&quot;value&quot;:&quot;156 boul. de la CitÃ©-des Jeunes, Gatineau, Quebec&quot;},{&quot;name&quot;:&quot;name&quot;,&quot;type&quot;:&quot;String&quot;,&quot;value&quot;:&quot;Cholette&quot;},{&quot;name&quot;:&quot;notes&quot;,&quot;type&quot;:&quot;String&quot;,&quot;value&quot;:null},{&quot;name&quot;:&quot;phone&quot;,&quot;type&quot;:&quot;String&quot;,&quot;value&quot;:null},{&quot;name&quot;:&quot;division_id&quot;,&quot;type&quot;:&quot;String&quot;,&quot;value&quot;:219060},{&quot;name&quot;:&quot;url&quot;,&quot;type&quot;:&quot;String&quot;,&quot;value&quot;:&quot;https://maps.google.com/?ie=UTF8&amp;mrt=loc&amp;t=h&amp;view=map&amp;z=15&amp;output=embed&amp;q=156%2bboul.%2bde%2bla%2bCit%c3%a9-des%2bJeunes%2bGatineau%2bQuebec%2bCanada&quot;}],&quot;rel&quot;:&quot;division_location-28324768&quot;,&quot;links&quot;:[{&quot;rel&quot;:&quot;events&quot;,&quot;href&quot;:&quot;https://api.teamsnap.com/v3/events/search?location_id=28324768&quot;}],&quot;href&quot;:&quot;https://api.teamsnap.com/v3/division_locations/28324768&quot;},{&quot;data&quot;:[{&quot;name&quot;:&quot;id&quot;,&quot;type&quot;:&quot;String&quot;,&quot;value&quot;:28324771},{&quot;name&quot;:&quot;type&quot;,&quot;type&quot;:&quot;String&quot;,&quot;value&quot;:&quot;division_location&quot;},{&quot;name&quot;:&quot;address&quot;,&quot;type&quot;:&quot;String&quot;,&quot;value&quot;:&quot;County Road 17, Rockland, Ontario&quot;},{&quot;name&quot;:&quot;name&quot;,&quot;type&quot;:&quot;String&quot;,&quot;value&quot;:&quot;CIHA - Rockland&quot;},{&quot;name&quot;:&quot;notes&quot;,&quot;type&quot;:&quot;String&quot;,&quot;value&quot;:null},{&quot;name&quot;:&quot;phone&quot;,&quot;type&quot;:&quot;String&quot;,&quot;value&quot;:null},{&quot;name&quot;:&quot;division_id&quot;,&quot;type&quot;:&quot;String&quot;,&quot;value&quot;:219060},{&quot;name&quot;:&quot;url&quot;,&quot;type&quot;:&quot;String&quot;,&quot;value&quot;:&quot;https://maps.google.com/?ie=UTF8&amp;mrt=loc&amp;t=h&amp;view=map&amp;z=15&amp;output=embed&amp;q=County%2bRoad%2b17%2bRockland%2bOntario%2bCanada%2bK4K%2b1T2&quot;}],&quot;rel&quot;:&quot;division_location-28324771&quot;,&quot;links&quot;:[{&quot;rel&quot;:&quot;events&quot;,&quot;href&quot;:&quot;https://api.teamsnap.com/v3/events/search?location_id=28324771&quot;}],&quot;href&quot;:&quot;https://api.teamsnap.com/v3/division_locations/28324771&quot;},{&quot;data&quot;:[{&quot;name&quot;:&quot;id&quot;,&quot;type&quot;:&quot;String&quot;,&quot;value&quot;:28324774},{&quot;name&quot;:&quot;type&quot;,&quot;type&quot;:&quot;String&quot;,&quot;value&quot;:&quot;division_location&quot;},{&quot;name&quot;:&quot;address&quot;,&quot;type&quot;:&quot;String&quot;,&quot;value&quot;:&quot;418 Lemay St., Clarence Creek (Rockland), Ontario&quot;},{&quot;name&quot;:&quot;name&quot;,&quot;type&quot;:&quot;String&quot;,&quot;value&quot;:&quot;Clarence&quot;},{&quot;name&quot;:&quot;notes&quot;,&quot;type&quot;:&quot;String&quot;,&quot;value&quot;:null},{&quot;name&quot;:&quot;phone&quot;,&quot;type&quot;:&quot;String&quot;,&quot;value&quot;:null},{&quot;name&quot;:&quot;division_id&quot;,&quot;type&quot;:&quot;String&quot;,&quot;value&quot;:219060},{&quot;name&quot;:&quot;url&quot;,&quot;type&quot;:&quot;String&quot;,&quot;value&quot;:&quot;https://maps.google.com/?ie=UTF8&amp;mrt=loc&amp;t=h&amp;view=map&amp;z=15&amp;output=embed&amp;q=418%2bLemay%2bSt.%2bClarence%2bCreek%2b(Rockland)%2bOntario%2bCanada&quot;}],&quot;rel&quot;:&quot;division_location-28324774&quot;,&quot;links&quot;:[{&quot;rel&quot;:&quot;events&quot;,&quot;href&quot;:&quot;https://api.teamsnap.com/v3/events/search?location_id=28324774&quot;}],&quot;href&quot;:&quot;https://api.teamsnap.com/v3/division_locations/28324774&quot;},{&quot;data&quot;:[{&quot;name&quot;:&quot;id&quot;,&quot;type&quot;:&quot;String&quot;,&quot;value&quot;:28324777},{&quot;name&quot;:&quot;type&quot;,&quot;type&quot;:&quot;String&quot;,&quot;value&quot;:&quot;division_location&quot;},{&quot;name&quot;:&quot;address&quot;,&quot;type&quot;:&quot;String&quot;,&quot;value&quot;:&quot;43 Astrolabe Rd., Cobden, Ontario&quot;},{&quot;name&quot;:&quot;name&quot;,&quot;type&quot;:&quot;String&quot;,&quot;value&quot;:&quot;Cobden&quot;},{&quot;name&quot;:&quot;notes&quot;,&quot;type&quot;:&quot;String&quot;,&quot;value&quot;:null},{&quot;name&quot;:&quot;phone&quot;,&quot;type&quot;:&quot;String&quot;,&quot;value&quot;:null},{&quot;name&quot;:&quot;division_id&quot;,&quot;type&quot;:&quot;String&quot;,&quot;value&quot;:219060},{&quot;name&quot;:&quot;url&quot;,&quot;type&quot;:&quot;String&quot;,&quot;value&quot;:&quot;https://maps.google.com/?ie=UTF8&amp;mrt=loc&amp;t=h&amp;view=map&amp;z=15&amp;output=embed&amp;q=43%2bAstrolabe%2bRd.%2bCobden%2bOntario%2bCanada&quot;}],&quot;rel&quot;:&quot;division_location-28324777&quot;,&quot;links&quot;:[{&quot;rel&quot;:&quot;events&quot;,&quot;href&quot;:&quot;https://api.teamsnap.com/v3/events/search?location_id=28324777&quot;}],&quot;href&quot;:&quot;https://api.teamsnap.com/v3/division_locations/28324777&quot;},{&quot;data&quot;:[{&quot;name&quot;:&quot;id&quot;,&quot;type&quot;:&quot;String&quot;,&quot;value&quot;:28324780},{&quot;name&quot;:&quot;type&quot;,&quot;type&quot;:&quot;String&quot;,&quot;value&quot;:&quot;division_location&quot;},{&quot;name&quot;:&quot;address&quot;,&quot;type&quot;:&quot;String&quot;,&quot;value&quot;:&quot;565 Boulevard de Mortagne, Boucherville, Quebec&quot;},{&quot;name&quot;:&quot;name&quot;,&quot;type&quot;:&quot;String&quot;,&quot;value&quot;:&quot;Complexe Sportif Duval Auto&quot;},{&quot;name&quot;:&quot;notes&quot;,&quot;type&quot;:&quot;String&quot;,&quot;value&quot;:null},{&quot;name&quot;:&quot;phone&quot;,&quot;type&quot;:&quot;String&quot;,&quot;value&quot;:null},{&quot;name&quot;:&quot;division_id&quot;,&quot;type&quot;:&quot;String&quot;,&quot;value&quot;:219060},{&quot;name&quot;:&quot;url&quot;,&quot;type&quot;:&quot;String&quot;,&quot;value&quot;:&quot;https://maps.google.com/?ie=UTF8&amp;mrt=loc&amp;t=h&amp;view=map&amp;z=15&amp;output=embed&amp;q=565%2bBoulevard%2bde%2bMortagne%2bBoucherville%2bQuebec%2bCanada%2bJ4B%2b1B7&quot;}],&quot;rel&quot;:&quot;division_location-28324780&quot;,&quot;links&quot;:[{&quot;rel&quot;:&quot;events&quot;,&quot;href&quot;:&quot;https://api.teamsnap.com/v3/events/search?location_id=28324780&quot;}],&quot;href&quot;:&quot;https://api.teamsnap.com/v3/division_locations/28324780&quot;},{&quot;data&quot;:[{&quot;name&quot;:&quot;id&quot;,&quot;type&quot;:&quot;String&quot;,&quot;value&quot;:28324781},{&quot;name&quot;:&quot;type&quot;,&quot;type&quot;:&quot;String&quot;,&quot;value&quot;:&quot;division_location&quot;},{&quot;name&quot;:&quot;address&quot;,&quot;type&quot;:&quot;String&quot;,&quot;value&quot;:&quot;1115 Dunning Rd, Cumberland, Ontario&quot;},{&quot;name&quot;:&quot;name&quot;,&quot;type&quot;:&quot;String&quot;,&quot;value&quot;:&quot;Cumberland&quot;},{&quot;name&quot;:&quot;notes&quot;,&quot;type&quot;:&quot;String&quot;,&quot;value&quot;:null},{&quot;name&quot;:&quot;phone&quot;,&quot;type&quot;:&quot;String&quot;,&quot;value&quot;:null},{&quot;name&quot;:&quot;division_id&quot;,&quot;type&quot;:&quot;String&quot;,&quot;value&quot;:219060},{&quot;name&quot;:&quot;url&quot;,&quot;type&quot;:&quot;String&quot;,&quot;value&quot;:&quot;https://maps.google.com/?ie=UTF8&amp;mrt=loc&amp;t=h&amp;view=map&amp;z=15&amp;output=embed&amp;q=1115%2bDunning%2bRd%2bCumberland%2bOntario%2bCanada&quot;}],&quot;rel&quot;:&quot;division_location-28324781&quot;,&quot;links&quot;:[{&quot;rel&quot;:&quot;events&quot;,&quot;href&quot;:&quot;https://api.teamsnap.com/v3/events/search?location_id=28324781&quot;}],&quot;href&quot;:&quot;https://api.teamsnap.com/v3/division_locations/28324781&quot;},{&quot;data&quot;:[{&quot;name&quot;:&quot;id&quot;,&quot;type&quot;:&quot;String&quot;,&quot;value&quot;:28324783},{&quot;name&quot;:&quot;type&quot;,&quot;type&quot;:&quot;String&quot;,&quot;value&quot;:&quot;division_location&quot;},{&quot;name&quot;:&quot;address&quot;,&quot;type&quot;:&quot;String&quot;,&quot;value&quot;:&quot;12001 de Salaberry, Dollard des Ormeaux, Quebec&quot;},{&quot;name&quot;:&quot;name&quot;,&quot;type&quot;:&quot;String&quot;,&quot;value&quot;:&quot;D.D.O. Centre civique&quot;},{&quot;name&quot;:&quot;notes&quot;,&quot;type&quot;:&quot;String&quot;,&quot;value&quot;:null},{&quot;name&quot;:&quot;phone&quot;,&quot;type&quot;:&quot;String&quot;,&quot;value&quot;:null},{&quot;name&quot;:&quot;division_id&quot;,&quot;type&quot;:&quot;String&quot;,&quot;value&quot;:219060},{&quot;name&quot;:&quot;url&quot;,&quot;type&quot;:&quot;String&quot;,&quot;value&quot;:&quot;https://maps.google.com/?ie=UTF8&amp;mrt=loc&amp;t=h&amp;view=map&amp;z=15&amp;output=embed&amp;q=12001%2bde%2bSalaberry%2bDollard%2bdes%2bOrmeaux%2bQuebec%2bCanada%2bH9B2A7&quot;}],&quot;rel&quot;:&quot;division_location-28324783&quot;,&quot;links&quot;:[{&quot;rel&quot;:&quot;events&quot;,&quot;href&quot;:&quot;https://api.teamsnap.com/v3/events/search?location_id=28324783&quot;}],&quot;href&quot;:&quot;https://api.teamsnap.com/v3/division_locations/28324783&quot;},{&quot;data&quot;:[{&quot;name&quot;:&quot;id&quot;,&quot;type&quot;:&quot;String&quot;,&quot;value&quot;:28324786},{&quot;name&quot;:&quot;type&quot;,&quot;type&quot;:&quot;String&quot;,&quot;value&quot;:&quot;division_location&quot;},{&quot;name&quot;:&quot;address&quot;,&quot;type&quot;:&quot;String&quot;,&quot;value&quot;:&quot;null, null&quot;},{&quot;name&quot;:&quot;name&quot;,&quot;type&quot;:&quot;String&quot;,&quot;value&quot;:&quot;D.D.O. Centre civique&quot;},{&quot;name&quot;:&quot;notes&quot;,&quot;type&quot;:&quot;String&quot;,&quot;value&quot;:null},{&quot;name&quot;:&quot;phone&quot;,&quot;type&quot;:&quot;String&quot;,&quot;value&quot;:null},{&quot;name&quot;:&quot;division_id&quot;,&quot;type&quot;:&quot;String&quot;,&quot;value&quot;:219060},{&quot;name&quot;:&quot;url&quot;,&quot;type&quot;:&quot;String&quot;,&quot;value&quot;:&quot;https://maps.google.com/?ie=UTF8&amp;mrt=loc&amp;t=h&amp;view=map&amp;z=15&amp;output=embed&amp;q=DDO%2bCentre%2bcivique&quot;}],&quot;rel&quot;:&quot;division_location-28324786&quot;,&quot;links&quot;:[{&quot;rel&quot;:&quot;events&quot;,&quot;href&quot;:&quot;https://api.teamsnap.com/v3/events/search?location_id=28324786&quot;}],&quot;href&quot;:&quot;https://api.teamsnap.com/v3/division_locations/28324786&quot;},{&quot;data&quot;:[{&quot;name&quot;:&quot;id&quot;,&quot;type&quot;:&quot;String&quot;,&quot;value&quot;:28324789},{&quot;name&quot;:&quot;type&quot;,&quot;type&quot;:&quot;String&quot;,&quot;value&quot;:&quot;division_location&quot;},{&quot;name&quot;:&quot;address&quot;,&quot;type&quot;:&quot;String&quot;,&quot;value&quot;:&quot;100 ave. de Delson, Delson, Quebec&quot;},{&quot;name&quot;:&quot;name&quot;,&quot;type&quot;:&quot;String&quot;,&quot;value&quot;:&quot;Delson&quot;},{&quot;name&quot;:&quot;notes&quot;,&quot;type&quot;:&quot;String&quot;,&quot;value&quot;:null},{&quot;name&quot;:&quot;phone&quot;,&quot;type&quot;:&quot;String&quot;,&quot;value&quot;:null},{&quot;name&quot;:&quot;division_id&quot;,&quot;type&quot;:&quot;String&quot;,&quot;value&quot;:219060},{&quot;name&quot;:&quot;url&quot;,&quot;type&quot;:&quot;String&quot;,&quot;value&quot;:&quot;https://maps.google.com/?ie=UTF8&amp;mrt=loc&amp;t=h&amp;view=map&amp;z=15&amp;output=embed&amp;q=100%2bave.%2bde%2bDelson%2bDelson%2bQuebec%2bCanada%2bJ5B1T3&quot;}],&quot;rel&quot;:&quot;division_location-28324789&quot;,&quot;links&quot;:[{&quot;rel&quot;:&quot;events&quot;,&quot;href&quot;:&quot;https://api.teamsnap.com/v3/events/search?location_id=28324789&quot;}],&quot;href&quot;:&quot;https://api.teamsnap.com/v3/division_locations/28324789&quot;},{&quot;data&quot;:[{&quot;name&quot;:&quot;id&quot;,&quot;type&quot;:&quot;String&quot;,&quot;value&quot;:28324792},{&quot;name&quot;:&quot;type&quot;,&quot;type&quot;:&quot;String&quot;,&quot;value&quot;:&quot;division_location&quot;},{&quot;name&quot;:&quot;address&quot;,&quot;type&quot;:&quot;String&quot;,&quot;value&quot;:&quot;941 Clyde Ave, Ottawa, Ontario&quot;},{&quot;name&quot;:&quot;name&quot;,&quot;type&quot;:&quot;String&quot;,&quot;value&quot;:&quot;Dulude&quot;},{&quot;name&quot;:&quot;notes&quot;,&quot;type&quot;:&quot;String&quot;,&quot;value&quot;:null},{&quot;name&quot;:&quot;phone&quot;,&quot;type&quot;:&quot;String&quot;,&quot;value&quot;:null},{&quot;name&quot;:&quot;division_id&quot;,&quot;type&quot;:&quot;String&quot;,&quot;value&quot;:219060},{&quot;name&quot;:&quot;url&quot;,&quot;type&quot;:&quot;String&quot;,&quot;value&quot;:&quot;https://maps.google.com/?ie=UTF8&amp;mrt=loc&amp;t=h&amp;view=map&amp;z=15&amp;output=embed&amp;q=941%2bClyde%2bAve%2bOttawa%2bOntario%2bCanada%2bK2C%2b4B2&quot;}],&quot;rel&quot;:&quot;division_location-28324792&quot;,&quot;links&quot;:[{&quot;rel&quot;:&quot;events&quot;,&quot;href&quot;:&quot;https://api.teamsnap.com/v3/events/search?location_id=28324792&quot;}],&quot;href&quot;:&quot;https://api.teamsnap.com/v3/division_locations/28324792&quot;},{&quot;data&quot;:[{&quot;name&quot;:&quot;id&quot;,&quot;type&quot;:&quot;String&quot;,&quot;value&quot;:28324795},{&quot;name&quot;:&quot;type&quot;,&quot;type&quot;:&quot;String&quot;,&quot;value&quot;:&quot;division_location&quot;},{&quot;name&quot;:&quot;address&quot;,&quot;type&quot;:&quot;String&quot;,&quot;value&quot;:&quot;2020 Ogilvie Road, Ottawa, Ontario&quot;},{&quot;name&quot;:&quot;name&quot;,&quot;type&quot;:&quot;String&quot;,&quot;value&quot;:&quot;Earl Armstrong&quot;},{&quot;name&quot;:&quot;notes&quot;,&quot;type&quot;:&quot;String&quot;,&quot;value&quot;:null},{&quot;name&quot;:&quot;phone&quot;,&quot;type&quot;:&quot;String&quot;,&quot;value&quot;:null},{&quot;name&quot;:&quot;division_id&quot;,&quot;type&quot;:&quot;String&quot;,&quot;value&quot;:219060},{&quot;name&quot;:&quot;url&quot;,&quot;type&quot;:&quot;String&quot;,&quot;value&quot;:&quot;https://maps.google.com/?ie=UTF8&amp;mrt=loc&amp;t=h&amp;view=map&amp;z=15&amp;output=embed&amp;q=2020%2bOgilvie%2bRoad%2bOttawa%2bOntario%2bCanada%2bK1J%2b7N8&quot;}],&quot;rel&quot;:&quot;division_location-28324795&quot;,&quot;links&quot;:[{&quot;rel&quot;:&quot;events&quot;,&quot;href&quot;:&quot;https://api.teamsnap.com/v3/events/search?location_id=28324795&quot;}],&quot;href&quot;:&quot;https://api.teamsnap.com/v3/division_locations/28324795&quot;},{&quot;data&quot;:[{&quot;name&quot;:&quot;id&quot;,&quot;type&quot;:&quot;String&quot;,&quot;value&quot;:28324798},{&quot;name&quot;:&quot;type&quot;,&quot;type&quot;:&quot;String&quot;,&quot;value&quot;:&quot;division_location&quot;},{&quot;name&quot;:&quot;address&quot;,&quot;type&quot;:&quot;String&quot;,&quot;value&quot;:&quot;311 Valleymede Drive, Richmond Hill, Ontario&quot;},{&quot;name&quot;:&quot;name&quot;,&quot;type&quot;:&quot;String&quot;,&quot;value&quot;:&quot;Ed Sackfield Arena&quot;},{&quot;name&quot;:&quot;notes&quot;,&quot;type&quot;:&quot;String&quot;,&quot;value&quot;:null},{&quot;name&quot;:&quot;phone&quot;,&quot;type&quot;:&quot;String&quot;,&quot;value&quot;:null},{&quot;name&quot;:&quot;division_id&quot;,&quot;type&quot;:&quot;String&quot;,&quot;value&quot;:219060},{&quot;name&quot;:&quot;url&quot;,&quot;type&quot;:&quot;String&quot;,&quot;value&quot;:&quot;https://maps.google.com/?ie=UTF8&amp;mrt=loc&amp;t=h&amp;view=map&amp;z=15&amp;output=embed&amp;q=311%2bValleymede%2bDrive%2bRichmond%2bHill%2bOntario%2bCanada&quot;}],&quot;rel&quot;:&quot;division_location-28324798&quot;,&quot;links&quot;:[{&quot;rel&quot;:&quot;events&quot;,&quot;href&quot;:&quot;https://api.teamsnap.com/v3/events/search?location_id=28324798&quot;}],&quot;href&quot;:&quot;https://api.teamsnap.com/v3/division_locations/28324798&quot;},{&quot;data&quot;:[{&quot;name&quot;:&quot;id&quot;,&quot;type&quot;:&quot;String&quot;,&quot;value&quot;:28324801},{&quot;name&quot;:&quot;type&quot;,&quot;type&quot;:&quot;String&quot;,&quot;value&quot;:&quot;division_location&quot;},{&quot;name&quot;:&quot;address&quot;,&quot;type&quot;:&quot;String&quot;,&quot;value&quot;:&quot;178 Jane St., Eganville, Ontario&quot;},{&quot;name&quot;:&quot;name&quot;,&quot;type&quot;:&quot;String&quot;,&quot;value&quot;:&quot;Eganville&quot;},{&quot;name&quot;:&quot;notes&quot;,&quot;type&quot;:&quot;String&quot;,&quot;value&quot;:null},{&quot;name&quot;:&quot;phone&quot;,&quot;type&quot;:&quot;String&quot;,&quot;value&quot;:null},{&quot;name&quot;:&quot;division_id&quot;,&quot;type&quot;:&quot;String&quot;,&quot;value&quot;:219060},{&quot;name&quot;:&quot;url&quot;,&quot;type&quot;:&quot;String&quot;,&quot;value&quot;:&quot;https://maps.google.com/?ie=UTF8&amp;mrt=loc&amp;t=h&amp;view=map&amp;z=15&amp;output=embed&amp;q=178%2bJane%2bSt.%2bEganville%2bOntario%2bCanada%2bK0J%2b1T0&quot;}],&quot;rel&quot;:&quot;division_location-28324801&quot;,&quot;links&quot;:[{&quot;rel&quot;:&quot;events&quot;,&quot;href&quot;:&quot;https://api.teamsnap.com/v3/events/search?location_id=28324801&quot;}],&quot;href&quot;:&quot;https://api.teamsnap.com/v3/division_locations/28324801&quot;},{&quot;data&quot;:[{&quot;name&quot;:&quot;id&quot;,&quot;type&quot;:&quot;String&quot;,&quot;value&quot;:28324804},{&quot;name&quot;:&quot;type&quot;,&quot;type&quot;:&quot;String&quot;,&quot;value&quot;:&quot;division_location&quot;},{&quot;name&quot;:&quot;address&quot;,&quot;type&quot;:&quot;String&quot;,&quot;value&quot;:&quot;200 Rue de Gentilly E, Longueuil, Quebec&quot;},{&quot;name&quot;:&quot;name&quot;,&quot;type&quot;:&quot;String&quot;,&quot;value&quot;:&quot;Emile Bouchard - Longueuil&quot;},{&quot;name&quot;:&quot;notes&quot;,&quot;type&quot;:&quot;String&quot;,&quot;value&quot;:null},{&quot;name&quot;:&quot;phone&quot;,&quot;type&quot;:&quot;String&quot;,&quot;value&quot;:null},{&quot;name&quot;:&quot;division_id&quot;,&quot;type&quot;:&quot;String&quot;,&quot;value&quot;:219060},{&quot;name&quot;:&quot;url&quot;,&quot;type&quot;:&quot;String&quot;,&quot;value&quot;:&quot;https://maps.google.com/?ie=UTF8&amp;mrt=loc&amp;t=h&amp;view=map&amp;z=15&amp;output=embed&amp;q=200%2bRue%2bde%2bGentilly%2bE%2bLongueuil%2bQuebec%2bCanada%2bJ4J%2b4H4&quot;}],&quot;rel&quot;:&quot;division_location-28324804&quot;,&quot;links&quot;:[{&quot;rel&quot;:&quot;events&quot;,&quot;href&quot;:&quot;https://api.teamsnap.com/v3/events/search?location_id=28324804&quot;}],&quot;href&quot;:&quot;https://api.teamsnap.com/v3/division_locations/28324804&quot;},{&quot;data&quot;:[{&quot;name&quot;:&quot;id&quot;,&quot;type&quot;:&quot;String&quot;,&quot;value&quot;:28324807},{&quot;name&quot;:&quot;type&quot;,&quot;type&quot;:&quot;String&quot;,&quot;value&quot;:&quot;division_location&quot;},{&quot;name&quot;:&quot;address&quot;,&quot;type&quot;:&quot;String&quot;,&quot;value&quot;:&quot;3700 rue Fleury est, Montreal&quot;},{&quot;name&quot;:&quot;name&quot;,&quot;type&quot;:&quot;String&quot;,&quot;value&quot;:&quot;Fleury&quot;},{&quot;name&quot;:&quot;notes&quot;,&quot;type&quot;:&quot;String&quot;,&quot;value&quot;:null},{&quot;name&quot;:&quot;phone&quot;,&quot;type&quot;:&quot;String&quot;,&quot;value&quot;:null},{&quot;name&quot;:&quot;division_id&quot;,&quot;type&quot;:&quot;String&quot;,&quot;value&quot;:219060},{&quot;name&quot;:&quot;url&quot;,&quot;type&quot;:&quot;String&quot;,&quot;value&quot;:&quot;https://maps.google.com/?ie=UTF8&amp;mrt=loc&amp;t=h&amp;view=map&amp;z=15&amp;output=embed&amp;q=3700%2brue%2bFleury%2best%2bMontreal%2bH1H5P9&quot;}],&quot;rel&quot;:&quot;division_location-28324807&quot;,&quot;links&quot;:[{&quot;rel&quot;:&quot;events&quot;,&quot;href&quot;:&quot;https://api.teamsnap.com/v3/events/search?location_id=28324807&quot;}],&quot;href&quot;:&quot;https://api.teamsnap.com/v3/division_locations/28324807&quot;},{&quot;data&quot;:[{&quot;name&quot;:&quot;id&quot;,&quot;type&quot;:&quot;String&quot;,&quot;value&quot;:28324810},{&quot;name&quot;:&quot;type&quot;,&quot;type&quot;:&quot;String&quot;,&quot;value&quot;:&quot;division_location&quot;},{&quot;name&quot;:&quot;address&quot;,&quot;type&quot;:&quot;String&quot;,&quot;value&quot;:&quot;565 Mortagne, Boucherville, Quebec&quot;},{&quot;name&quot;:&quot;name&quot;,&quot;type&quot;:&quot;String&quot;,&quot;value&quot;:&quot;Gilles Chabot - Boucherville&quot;},{&quot;name&quot;:&quot;notes&quot;,&quot;type&quot;:&quot;String&quot;,&quot;value&quot;:null},{&quot;name&quot;:&quot;phone&quot;,&quot;type&quot;:&quot;String&quot;,&quot;value&quot;:null},{&quot;name&quot;:&quot;division_id&quot;,&quot;type&quot;:&quot;String&quot;,&quot;value&quot;:219060},{&quot;name&quot;:&quot;url&quot;,&quot;type&quot;:&quot;String&quot;,&quot;value&quot;:&quot;https://maps.google.com/?ie=UTF8&amp;mrt=loc&amp;t=h&amp;view=map&amp;z=15&amp;output=embed&amp;q=565%2bMortagne%2bBoucherville%2bQuebec%2bCanada%2bJ4B%2b5E4&quot;}],&quot;rel&quot;:&quot;division_location-28324810&quot;,&quot;links&quot;:[{&quot;rel&quot;:&quot;events&quot;,&quot;href&quot;:&quot;https://api.teamsnap.com/v3/events/search?location_id=28324810&quot;}],&quot;href&quot;:&quot;https://api.teamsnap.com/v3/division_locations/28324810&quot;},{&quot;data&quot;:[{&quot;name&quot;:&quot;id&quot;,&quot;type&quot;:&quot;String&quot;,&quot;value&quot;:28324813},{&quot;name&quot;:&quot;type&quot;,&quot;type&quot;:&quot;String&quot;,&quot;value&quot;:&quot;division_location&quot;},{&quot;name&quot;:&quot;address&quot;,&quot;type&quot;:&quot;String&quot;,&quot;value&quot;:&quot;1500 Shea Rd., Stittsville, Ontario&quot;},{&quot;name&quot;:&quot;name&quot;,&quot;type&quot;:&quot;String&quot;,&quot;value&quot;:&quot;Goulbourn Rec Centre&quot;},{&quot;name&quot;:&quot;notes&quot;,&quot;type&quot;:&quot;String&quot;,&quot;value&quot;:null},{&quot;name&quot;:&quot;phone&quot;,&quot;type&quot;:&quot;String&quot;,&quot;value&quot;:null},{&quot;name&quot;:&quot;division_id&quot;,&quot;type&quot;:&quot;String&quot;,&quot;value&quot;:219060},{&quot;name&quot;:&quot;url&quot;,&quot;type&quot;:&quot;String&quot;,&quot;value&quot;:&quot;https://maps.google.com/?ie=UTF8&amp;mrt=loc&amp;t=h&amp;view=map&amp;z=15&amp;output=embed&amp;q=1500%2bShea%2bRd.%2bStittsville%2bOntario%2bCanada&quot;}],&quot;rel&quot;:&quot;division_location-28324813&quot;,&quot;links&quot;:[{&quot;rel&quot;:&quot;events&quot;,&quot;href&quot;:&quot;https://api.teamsnap.com/v3/events/search?location_id=28324813&quot;}],&quot;href&quot;:&quot;https://api.teamsnap.com/v3/division_locations/28324813&quot;},{&quot;data&quot;:[{&quot;name&quot;:&quot;id&quot;,&quot;type&quot;:&quot;String&quot;,&quot;value&quot;:28324816},{&quot;name&quot;:&quot;type&quot;,&quot;type&quot;:&quot;String&quot;,&quot;value&quot;:&quot;division_location&quot;},{&quot;name&quot;:&quot;address&quot;,&quot;type&quot;:&quot;String&quot;,&quot;value&quot;:&quot;1500 Shea Rd., Ottawa, Ontario&quot;},{&quot;name&quot;:&quot;name&quot;,&quot;type&quot;:&quot;String&quot;,&quot;value&quot;:&quot;Goulbourn Rec Centre B&quot;},{&quot;name&quot;:&quot;notes&quot;,&quot;type&quot;:&quot;String&quot;,&quot;value&quot;:null},{&quot;name&quot;:&quot;phone&quot;,&quot;type&quot;:&quot;String&quot;,&quot;value&quot;:null},{&quot;name&quot;:&quot;division_id&quot;,&quot;type&quot;:&quot;String&quot;,&quot;value&quot;:219060},{&quot;name&quot;:&quot;url&quot;,&quot;type&quot;:&quot;String&quot;,&quot;value&quot;:&quot;https://maps.google.com/?ie=UTF8&amp;mrt=loc&amp;t=h&amp;view=map&amp;z=15&amp;output=embed&amp;q=1500%2bShea%2bRd.%2bOttawa%2bOntario%2bCanada%2bK2S%2b0B2%2b%3f&quot;}],&quot;rel&quot;:&quot;division_location-28324816&quot;,&quot;links&quot;:[{&quot;rel&quot;:&quot;events&quot;,&quot;href&quot;:&quot;https://api.teamsnap.com/v3/events/search?location_id=28324816&quot;}],&quot;href&quot;:&quot;https://api.teamsnap.com/v3/division_locations/28324816&quot;},{&quot;data&quot;:[{&quot;name&quot;:&quot;id&quot;,&quot;type&quot;:&quot;String&quot;,&quot;value&quot;:28324817},{&quot;name&quot;:&quot;type&quot;,&quot;type&quot;:&quot;String&quot;,&quot;value&quot;:&quot;division_location&quot;},{&quot;name&quot;:&quot;address&quot;,&quot;type&quot;:&quot;String&quot;,&quot;value&quot;:&quot;309 McArthur Ave., Ottawa, Ontario&quot;},{&quot;name&quot;:&quot;name&quot;,&quot;type&quot;:&quot;String&quot;,&quot;value&quot;:&quot;Grandmaitre&quot;},{&quot;name&quot;:&quot;notes&quot;,&quot;type&quot;:&quot;String&quot;,&quot;value&quot;:null},{&quot;name&quot;:&quot;phone&quot;,&quot;type&quot;:&quot;String&quot;,&quot;value&quot;:null},{&quot;name&quot;:&quot;division_id&quot;,&quot;type&quot;:&quot;String&quot;,&quot;value&quot;:219060},{&quot;name&quot;:&quot;url&quot;,&quot;type&quot;:&quot;String&quot;,&quot;value&quot;:&quot;https://maps.google.com/?ie=UTF8&amp;mrt=loc&amp;t=h&amp;view=map&amp;z=15&amp;output=embed&amp;q=309%2bMcArthur%2bAve.%2bOttawa%2bOntario%2bCanada%2bK1L%2b6P1&quot;}],&quot;rel&quot;:&quot;division_location-28324817&quot;,&quot;links&quot;:[{&quot;rel&quot;:&quot;events&quot;,&quot;href&quot;:&quot;https://api.teamsnap.com/v3/events/search?location_id=28324817&quot;}],&quot;href&quot;:&quot;https://api.teamsnap.com/v3/division_locations/28324817&quot;},{&quot;data&quot;:[{&quot;name&quot;:&quot;id&quot;,&quot;type&quot;:&quot;String&quot;,&quot;value&quot;:28324819},{&quot;name&quot;:&quot;type&quot;,&quot;type&quot;:&quot;String&quot;,&quot;value&quot;:&quot;division_location&quot;},{&quot;name&quot;:&quot;address&quot;,&quot;type&quot;:&quot;String&quot;,&quot;value&quot;:&quot;12000 Boulevard Rolland, MontrÃ©al-Nord, Quebec&quot;},{&quot;name&quot;:&quot;name&quot;,&quot;type&quot;:&quot;String&quot;,&quot;value&quot;:&quot;Henri Bourassa&quot;},{&quot;name&quot;:&quot;notes&quot;,&quot;type&quot;:&quot;String&quot;,&quot;value&quot;:null},{&quot;name&quot;:&quot;phone&quot;,&quot;type&quot;:&quot;String&quot;,&quot;value&quot;:null},{&quot;name&quot;:&quot;division_id&quot;,&quot;type&quot;:&quot;String&quot;,&quot;value&quot;:219060},{&quot;name&quot;:&quot;url&quot;,&quot;type&quot;:&quot;String&quot;,&quot;value&quot;:&quot;https://maps.google.com/?ie=UTF8&amp;mrt=loc&amp;t=h&amp;view=map&amp;z=15&amp;output=embed&amp;q=12000%2bBoulevard%2bRolland%2bMontr%c3%a9al-Nord%2bQuebec%2bCanada&quot;}],&quot;rel&quot;:&quot;division_location-28324819&quot;,&quot;links&quot;:[{&quot;rel&quot;:&quot;events&quot;,&quot;href&quot;:&quot;https://api.teamsnap.com/v3/events/search?location_id=28324819&quot;}],&quot;href&quot;:&quot;https://api.teamsnap.com/v3/division_locations/28324819&quot;},{&quot;data&quot;:[{&quot;name&quot;:&quot;id&quot;,&quot;type&quot;:&quot;String&quot;,&quot;value&quot;:28324822},{&quot;name&quot;:&quot;type&quot;,&quot;type&quot;:&quot;String&quot;,&quot;value&quot;:&quot;division_location&quot;},{&quot;name&quot;:&quot;address&quot;,&quot;type&quot;:&quot;String&quot;,&quot;value&quot;:&quot;null, null&quot;},{&quot;name&quot;:&quot;name&quot;,&quot;type&quot;:&quot;String&quot;,&quot;value&quot;:&quot;Hespeler Arena&quot;},{&quot;name&quot;:&quot;notes&quot;,&quot;type&quot;:&quot;String&quot;,&quot;value&quot;:null},{&quot;name&quot;:&quot;phone&quot;,&quot;type&quot;:&quot;String&quot;,&quot;value&quot;:null},{&quot;name&quot;:&quot;division_id&quot;,&quot;type&quot;:&quot;String&quot;,&quot;value&quot;:219060},{&quot;name&quot;:&quot;url&quot;,&quot;type&quot;:&quot;String&quot;,&quot;value&quot;:&quot;https://maps.google.com/?ie=UTF8&amp;mrt=loc&amp;t=h&amp;view=map&amp;z=15&amp;output=embed&amp;q=Hespeler%2bArena&quot;}],&quot;rel&quot;:&quot;division_location-28324822&quot;,&quot;links&quot;:[{&quot;rel&quot;:&quot;events&quot;,&quot;href&quot;:&quot;https://api.teamsnap.com/v3/events/search?location_id=28324822&quot;}],&quot;href&quot;:&quot;https://api.teamsnap.com/v3/division_locations/28324822&quot;},{&quot;data&quot;:[{&quot;name&quot;:&quot;id&quot;,&quot;type&quot;:&quot;String&quot;,&quot;value&quot;:28324825},{&quot;name&quot;:&quot;type&quot;,&quot;type&quot;:&quot;String&quot;,&quot;value&quot;:&quot;division_location&quot;},{&quot;name&quot;:&quot;address&quot;,&quot;type&quot;:&quot;String&quot;,&quot;value&quot;:&quot;705 Matheson Blvd. E, Mississauga, Ontario&quot;},{&quot;name&quot;:&quot;name&quot;,&quot;type&quot;:&quot;String&quot;,&quot;value&quot;:&quot;Iceland Mississauga&quot;},{&quot;name&quot;:&quot;notes&quot;,&quot;type&quot;:&quot;String&quot;,&quot;value&quot;:null},{&quot;name&quot;:&quot;phone&quot;,&quot;type&quot;:&quot;String&quot;,&quot;value&quot;:null},{&quot;name&quot;:&quot;division_id&quot;,&quot;type&quot;:&quot;String&quot;,&quot;value&quot;:219060},{&quot;name&quot;:&quot;url&quot;,&quot;type&quot;:&quot;String&quot;,&quot;value&quot;:&quot;https://maps.google.com/?ie=UTF8&amp;mrt=loc&amp;t=h&amp;view=map&amp;z=15&amp;output=embed&amp;q=705%2bMatheson%2bBlvd.%2bE%2bMississauga%2bOntario%2bCanada&quot;}],&quot;rel&quot;:&quot;division_location-28324825&quot;,&quot;links&quot;:[{&quot;rel&quot;:&quot;events&quot;,&quot;href&quot;:&quot;https://api.teamsnap.com/v3/events/search?location_id=28324825&quot;}],&quot;href&quot;:&quot;https://api.teamsnap.com/v3/division_locations/28324825&quot;},{&quot;data&quot;:[{&quot;name&quot;:&quot;id&quot;,&quot;type&quot;:&quot;String&quot;,&quot;value&quot;:28324826},{&quot;name&quot;:&quot;type&quot;,&quot;type&quot;:&quot;String&quot;,&quot;value&quot;:&quot;division_location&quot;},{&quot;name&quot;:&quot;address&quot;,&quot;type&quot;:&quot;String&quot;,&quot;value&quot;:&quot;1350 Gardiners Rd. (&amp; Fortune Cr.), Kingston, Ontario&quot;},{&quot;name&quot;:&quot;name&quot;,&quot;type&quot;:&quot;String&quot;,&quot;value&quot;:&quot;Invista Centre&quot;},{&quot;name&quot;:&quot;notes&quot;,&quot;type&quot;:&quot;String&quot;,&quot;value&quot;:null},{&quot;name&quot;:&quot;phone&quot;,&quot;type&quot;:&quot;String&quot;,&quot;value&quot;:null},{&quot;name&quot;:&quot;division_id&quot;,&quot;type&quot;:&quot;String&quot;,&quot;value&quot;:219060},{&quot;name&quot;:&quot;url&quot;,&quot;type&quot;:&quot;String&quot;,&quot;value&quot;:&quot;https://maps.google.com/?ie=UTF8&amp;mrt=loc&amp;t=h&amp;view=map&amp;z=15&amp;output=embed&amp;q=1350%2bGardiners%2bRd.%2b(%26%2bFortune%2bCr.)%2bKingston%2bOntario%2bCanada&quot;}],&quot;rel&quot;:&quot;division_location-28324826&quot;,&quot;links&quot;:[{&quot;rel&quot;:&quot;events&quot;,&quot;href&quot;:&quot;https://api.teamsnap.com/v3/events/search?location_id=28324826&quot;}],&quot;href&quot;:&quot;https://api.teamsnap.com/v3/division_locations/28324826&quot;},{&quot;data&quot;:[{&quot;name&quot;:&quot;id&quot;,&quot;type&quot;:&quot;String&quot;,&quot;value&quot;:28324829},{&quot;name&quot;:&quot;type&quot;,&quot;type&quot;:&quot;String&quot;,&quot;value&quot;:&quot;division_location&quot;},{&quot;name&quot;:&quot;address&quot;,&quot;type&quot;:&quot;String&quot;,&quot;value&quot;:&quot;1350 Gardiners Rd. (&amp; Fortune Cr.), Kingston, Ontario&quot;},{&quot;name&quot;:&quot;name&quot;,&quot;type&quot;:&quot;String&quot;,&quot;value&quot;:&quot;Invista Rona&quot;},{&quot;name&quot;:&quot;notes&quot;,&quot;type&quot;:&quot;String&quot;,&quot;value&quot;:null},{&quot;name&quot;:&quot;phone&quot;,&quot;type&quot;:&quot;String&quot;,&quot;value&quot;:null},{&quot;name&quot;:&quot;division_id&quot;,&quot;type&quot;:&quot;String&quot;,&quot;value&quot;:219060},{&quot;name&quot;:&quot;url&quot;,&quot;type&quot;:&quot;String&quot;,&quot;value&quot;:&quot;https://maps.google.com/?ie=UTF8&amp;mrt=loc&amp;t=h&amp;view=map&amp;z=15&amp;output=embed&amp;q=1350%2bGardiners%2bRd.%2b(%26%2bFortune%2bCr.)%2bKingston%2bOntario%2bCanada%2bK7P%2b2Y2&quot;}],&quot;rel&quot;:&quot;division_location-28324829&quot;,&quot;links&quot;:[{&quot;rel&quot;:&quot;events&quot;,&quot;href&quot;:&quot;https://api.teamsnap.com/v3/events/search?location_id=28324829&quot;}],&quot;href&quot;:&quot;https://api.teamsnap.com/v3/division_locations/28324829&quot;},{&quot;data&quot;:[{&quot;name&quot;:&quot;id&quot;,&quot;type&quot;:&quot;String&quot;,&quot;value&quot;:28324831},{&quot;name&quot;:&quot;type&quot;,&quot;type&quot;:&quot;String&quot;,&quot;value&quot;:&quot;division_location&quot;},{&quot;name&quot;:&quot;address&quot;,&quot;type&quot;:&quot;String&quot;,&quot;value&quot;:&quot;600 Rue Turcot, Saint-Hyacinthe, Quebec&quot;},{&quot;name&quot;:&quot;name&quot;,&quot;type&quot;:&quot;String&quot;,&quot;value&quot;:&quot;Isatis St-Hyacinthe&quot;},{&quot;name&quot;:&quot;notes&quot;,&quot;type&quot;:&quot;String&quot;,&quot;value&quot;:null},{&quot;name&quot;:&quot;phone&quot;,&quot;type&quot;:&quot;String&quot;,&quot;value&quot;:null},{&quot;name&quot;:&quot;division_id&quot;,&quot;type&quot;:&quot;String&quot;,&quot;value&quot;:219060},{&quot;name&quot;:&quot;url&quot;,&quot;type&quot;:&quot;String&quot;,&quot;value&quot;:&quot;https://maps.google.com/?ie=UTF8&amp;mrt=loc&amp;t=h&amp;view=map&amp;z=15&amp;output=embed&amp;q=600%2bRue%2bTurcot%2bSaint-Hyacinthe%2bQuebec%2bCanada%2bJ2S%2b1M5&quot;}],&quot;rel&quot;:&quot;division_location-28324831&quot;,&quot;links&quot;:[{&quot;rel&quot;:&quot;events&quot;,&quot;href&quot;:&quot;https://api.teamsnap.com/v3/events/search?location_id=28324831&quot;}],&quot;href&quot;:&quot;https://api.teamsnap.com/v3/division_locations/28324831&quot;},{&quot;data&quot;:[{&quot;name&quot;:&quot;id&quot;,&quot;type&quot;:&quot;String&quot;,&quot;value&quot;:28324832},{&quot;name&quot;:&quot;type&quot;,&quot;type&quot;:&quot;String&quot;,&quot;value&quot;:&quot;division_location&quot;},{&quot;name&quot;:&quot;address&quot;,&quot;type&quot;:&quot;String&quot;,&quot;value&quot;:&quot;100 Walter Baker Pl., Kanata, Ontario&quot;},{&quot;name&quot;:&quot;name&quot;,&quot;type&quot;:&quot;String&quot;,&quot;value&quot;:&quot;Kanata Rec Centre&quot;},{&quot;name&quot;:&quot;notes&quot;,&quot;type&quot;:&quot;String&quot;,&quot;value&quot;:null},{&quot;name&quot;:&quot;phone&quot;,&quot;type&quot;:&quot;String&quot;,&quot;value&quot;:null},{&quot;name&quot;:&quot;division_id&quot;,&quot;type&quot;:&quot;String&quot;,&quot;value&quot;:219060},{&quot;name&quot;:&quot;url&quot;,&quot;type&quot;:&quot;String&quot;,&quot;value&quot;:&quot;https://maps.google.com/?ie=UTF8&amp;mrt=loc&amp;t=h&amp;view=map&amp;z=15&amp;output=embed&amp;q=100%2bWalter%2bBaker%2bPl.%2bKanata%2bOntario%2bCanada&quot;}],&quot;rel&quot;:&quot;division_location-28324832&quot;,&quot;links&quot;:[{&quot;rel&quot;:&quot;events&quot;,&quot;href&quot;:&quot;https://api.teamsnap.com/v3/events/search?location_id=28324832&quot;}],&quot;href&quot;:&quot;https://api.teamsnap.com/v3/division_locations/28324832&quot;},{&quot;data&quot;:[{&quot;name&quot;:&quot;id&quot;,&quot;type&quot;:&quot;String&quot;,&quot;value&quot;:28324837},{&quot;name&quot;:&quot;type&quot;,&quot;type&quot;:&quot;String&quot;,&quot;value&quot;:&quot;division_location&quot;},{&quot;name&quot;:&quot;address&quot;,&quot;type&quot;:&quot;String&quot;,&quot;value&quot;:&quot;2185 Arch St., Ottawa, Ontario&quot;},{&quot;name&quot;:&quot;name&quot;,&quot;type&quot;:&quot;String&quot;,&quot;value&quot;:&quot;Kilrea&quot;},{&quot;name&quot;:&quot;notes&quot;,&quot;type&quot;:&quot;String&quot;,&quot;value&quot;:null},{&quot;name&quot;:&quot;phone&quot;,&quot;type&quot;:&quot;String&quot;,&quot;value&quot;:null},{&quot;name&quot;:&quot;division_id&quot;,&quot;type&quot;:&quot;String&quot;,&quot;value&quot;:219060},{&quot;name&quot;:&quot;url&quot;,&quot;type&quot;:&quot;String&quot;,&quot;value&quot;:&quot;https://maps.google.com/?ie=UTF8&amp;mrt=loc&amp;t=h&amp;view=map&amp;z=15&amp;output=embed&amp;q=2185%2bArch%2bSt.%2bOttawa%2bOntario%2bCanada%2bK1G2H5&quot;}],&quot;rel&quot;:&quot;division_location-28324837&quot;,&quot;links&quot;:[{&quot;rel&quot;:&quot;events&quot;,&quot;href&quot;:&quot;https://api.teamsnap.com/v3/events/search?location_id=28324837&quot;}],&quot;href&quot;:&quot;https://api.teamsnap.com/v3/division_locations/28324837&quot;},{&quot;data&quot;:[{&quot;name&quot;:&quot;id&quot;,&quot;type&quot;:&quot;String&quot;,&quot;value&quot;:28324840},{&quot;name&quot;:&quot;type&quot;,&quot;type&quot;:&quot;String&quot;,&quot;value&quot;:&quot;division_location&quot;},{&quot;name&quot;:&quot;address&quot;,&quot;type&quot;:&quot;String&quot;,&quot;value&quot;:&quot;16950 Hymus Blvd, Kirkland, Quebec&quot;},{&quot;name&quot;:&quot;name&quot;,&quot;type&quot;:&quot;String&quot;,&quot;value&quot;:&quot;Kirkland&quot;},{&quot;name&quot;:&quot;notes&quot;,&quot;type&quot;:&quot;String&quot;,&quot;value&quot;:null},{&quot;name&quot;:&quot;phone&quot;,&quot;type&quot;:&quot;String&quot;,&quot;value&quot;:null},{&quot;name&quot;:&quot;division_id&quot;,&quot;type&quot;:&quot;String&quot;,&quot;value&quot;:219060},{&quot;name&quot;:&quot;url&quot;,&quot;type&quot;:&quot;String&quot;,&quot;value&quot;:&quot;https://maps.google.com/?ie=UTF8&amp;mrt=loc&amp;t=h&amp;view=map&amp;z=15&amp;output=embed&amp;q=16950%2bHymus%2bBlvd%2bKirkland%2bQuebec%2bCanada%2bH9H%2b3W7&quot;}],&quot;rel&quot;:&quot;division_location-28324840&quot;,&quot;links&quot;:[{&quot;rel&quot;:&quot;events&quot;,&quot;href&quot;:&quot;https://api.teamsnap.com/v3/events/search?location_id=28324840&quot;}],&quot;href&quot;:&quot;https://api.teamsnap.com/v3/division_locations/28324840&quot;},{&quot;data&quot;:[{&quot;name&quot;:&quot;id&quot;,&quot;type&quot;:&quot;String&quot;,&quot;value&quot;:28324843},{&quot;name&quot;:&quot;type&quot;,&quot;type&quot;:&quot;String&quot;,&quot;value&quot;:&quot;division_location&quot;},{&quot;name&quot;:&quot;address&quot;,&quot;type&quot;:&quot;String&quot;,&quot;value&quot;:&quot;6881 boul. Laurier, La Plaine, Quebec&quot;},{&quot;name&quot;:&quot;name&quot;,&quot;type&quot;:&quot;String&quot;,&quot;value&quot;:&quot;La Plaine - Forum&quot;},{&quot;name&quot;:&quot;notes&quot;,&quot;type&quot;:&quot;String&quot;,&quot;value&quot;:null},{&quot;name&quot;:&quot;phone&quot;,&quot;type&quot;:&quot;String&quot;,&quot;value&quot;:null},{&quot;name&quot;:&quot;division_id&quot;,&quot;type&quot;:&quot;String&quot;,&quot;value&quot;:219060},{&quot;name&quot;:&quot;url&quot;,&quot;type&quot;:&quot;String&quot;,&quot;value&quot;:&quot;https://maps.google.com/?ie=UTF8&amp;mrt=loc&amp;t=h&amp;view=map&amp;z=15&amp;output=embed&amp;q=6881%2bboul.%2bLaurier%2bLa%2bPlaine%2bQuebec%2bCanada&quot;}],&quot;rel&quot;:&quot;division_location-28324843&quot;,&quot;links&quot;:[{&quot;rel&quot;:&quot;events&quot;,&quot;href&quot;:&quot;https://api.teamsnap.com/v3/events/search?location_id=28324843&quot;}],&quot;href&quot;:&quot;https://api.teamsnap.com/v3/division_locations/28324843&quot;},{&quot;data&quot;:[{&quot;name&quot;:&quot;id&quot;,&quot;type&quot;:&quot;String&quot;,&quot;value&quot;:28324849},{&quot;name&quot;:&quot;type&quot;,&quot;type&quot;:&quot;String&quot;,&quot;value&quot;:&quot;division_location&quot;},{&quot;name&quot;:&quot;address&quot;,&quot;type&quot;:&quot;String&quot;,&quot;value&quot;:&quot;800  Mulock Drive, Newmarket, Ontario&quot;},{&quot;name&quot;:&quot;name&quot;,&quot;type&quot;:&quot;String&quot;,&quot;value&quot;:&quot;Magna Centre&quot;},{&quot;name&quot;:&quot;notes&quot;,&quot;type&quot;:&quot;String&quot;,&quot;value&quot;:null},{&quot;name&quot;:&quot;phone&quot;,&quot;type&quot;:&quot;String&quot;,&quot;value&quot;:null},{&quot;name&quot;:&quot;division_id&quot;,&quot;type&quot;:&quot;String&quot;,&quot;value&quot;:219060},{&quot;name&quot;:&quot;url&quot;,&quot;type&quot;:&quot;String&quot;,&quot;value&quot;:&quot;https://maps.google.com/?ie=UTF8&amp;mrt=loc&amp;t=h&amp;view=map&amp;z=15&amp;output=embed&amp;q=800%2b%2bMulock%2bDrive%2bNewmarket%2bOntario%2bCanada&quot;}],&quot;rel&quot;:&quot;division_location-28324849&quot;,&quot;links&quot;:[{&quot;rel&quot;:&quot;events&quot;,&quot;href&quot;:&quot;https://api.teamsnap.com/v3/events/search?location_id=28324849&quot;}],&quot;href&quot;:&quot;https://api.teamsnap.com/v3/division_locations/28324849&quot;},{&quot;data&quot;:[{&quot;name&quot;:&quot;id&quot;,&quot;type&quot;:&quot;String&quot;,&quot;value&quot;:28324852},{&quot;name&quot;:&quot;type&quot;,&quot;type&quot;:&quot;String&quot;,&quot;value&quot;:&quot;division_location&quot;},{&quot;name&quot;:&quot;address&quot;,&quot;type&quot;:&quot;String&quot;,&quot;value&quot;:&quot;130 chemin Arena, Cocagne, New Brunswick&quot;},{&quot;name&quot;:&quot;name&quot;,&quot;type&quot;:&quot;String&quot;,&quot;value&quot;:&quot;Marina Arena&quot;},{&quot;name&quot;:&quot;notes&quot;,&quot;type&quot;:&quot;String&quot;,&quot;value&quot;:null},{&quot;name&quot;:&quot;phone&quot;,&quot;type&quot;:&quot;String&quot;,&quot;value&quot;:null},{&quot;name&quot;:&quot;division_id&quot;,&quot;type&quot;:&quot;String&quot;,&quot;value&quot;:219060},{&quot;name&quot;:&quot;url&quot;,&quot;type&quot;:&quot;String&quot;,&quot;value&quot;:&quot;https://maps.google.com/?ie=UTF8&amp;mrt=loc&amp;t=h&amp;view=map&amp;z=15&amp;output=embed&amp;q=130%2bchemin%2bArena%2bCocagne%2bNew%2bBrunswick%2bCanada&quot;}],&quot;rel&quot;:&quot;division_location-28324852&quot;,&quot;links&quot;:[{&quot;rel&quot;:&quot;events&quot;,&quot;href&quot;:&quot;https://api.teamsnap.com/v3/events/search?location_
[...]
specified by \&quot;repeating_type_code\&quot;. This attribute is required with \&quot;repeating_type_code\&quot; when creating a repeating event.&quot;},{&quot;name&quot;:&quot;results&quot;,&quot;value&quot;:null},{&quot;name&quot;:&quot;results_url&quot;,&quot;value&quot;:null},{&quot;name&quot;:&quot;shootout_points_for_opponent&quot;,&quot;value&quot;:null},{&quot;name&quot;:&quot;shootout_points_for_team&quot;,&quot;value&quot;:null},{&quot;name&quot;:&quot;start_date&quot;,&quot;value&quot;:null},{&quot;name&quot;:&quot;team_id&quot;,&quot;value&quot;:null},{&quot;name&quot;:&quot;time_zone&quot;,&quot;value&quot;:null},{&quot;name&quot;:&quot;tracks_availability&quot;,&quot;value&quot;:null},{&quot;name&quot;:&quot;uniform&quot;,&quot;value&quot;:null}]},&quot;rel&quot;:&quot;events&quot;,&quot;links&quot;:[{&quot;rel&quot;:&quot;assignments&quot;,&quot;href&quot;:&quot;https://api.teamsnap.com/v3/assignments&quot;},{&quot;rel&quot;:&quot;availabilities&quot;,&quot;href&quot;:&quot;https://api.teamsnap.com/v3/availabilities&quot;},{&quot;rel&quot;:&quot;division_location&quot;,&quot;href&quot;:&quot;https://api.teamsnap.com/v3/division_locations&quot;},{&quot;rel&quot;:&quot;event_statistics&quot;,&quot;href&quot;:&quot;https://api.teamsnap.com/v3/event_statistics&quot;},{&quot;rel&quot;:&quot;location&quot;,&quot;href&quot;:&quot;https://api.teamsnap.com/v3/locations&quot;},{&quot;rel&quot;:&quot;opponent&quot;,&quot;href&quot;:&quot;https://api.teamsnap.com/v3/opponents&quot;},{&quot;rel&quot;:&quot;statistic_data&quot;,&quot;href&quot;:&quot;https://api.teamsnap.com/v3/statistic_data&quot;},{&quot;rel&quot;:&quot;team&quot;,&quot;href&quot;:&quot;https://api.teamsnap.com/v3/teams&quot;},{&quot;rel&quot;:&quot;root&quot;,&quot;href&quot;:&quot;https://api.teamsnap.com/v3/&quot;},{&quot;rel&quot;:&quot;self&quot;,&quot;href&quot;:&quot;https://api.teamsnap.com/v3/events/search?team_id=3250051&quot;}],&quot;href&quot;:&quot;https://api.teamsnap.com/v3/events&quot;,&quot;version&quot;:&quot;3.518.0&quot;,&quot;queries&quot;:[{&quot;data&quot;:[{&quot;name&quot;:&quot;team_id&quot;,&quot;value&quot;:null},{&quot;name&quot;:&quot;location_id&quot;,&quot;value&quot;:null},{&quot;name&quot;:&quot;opponent_id&quot;,&quot;value&quot;:null},{&quot;name&quot;:&quot;started_after&quot;,&quot;value&quot;:null},{&quot;name&quot;:&quot;started_before&quot;,&quot;value&quot;:null},{&quot;name&quot;:&quot;repeating_uuid&quot;,&quot;value&quot;:null},{&quot;name&quot;:&quot;id&quot;,&quot;value&quot;:null},{&quot;name&quot;:&quot;is_game&quot;,&quot;value&quot;:null},{&quot;name&quot;:&quot;updated_since&quot;,&quot;value&quot;:null},{&quot;name&quot;:&quot;page_size&quot;,&quot;value&quot;:null,&quot;prompt&quot;:&quot;The number of items to return for each page. Sending this parameter with the query will enable paging for the returned collection.&quot;},{&quot;name&quot;:&quot;page_number&quot;,&quot;value&quot;:null,&quot;prompt&quot;:&quot;The number of the page to be returned. This requires that paging be turned on by also providing the page_size parameter.&quot;},{&quot;name&quot;:&quot;sort_start_date&quot;,&quot;value&quot;:null,&quot;prompt&quot;:&quot;Sort the returned dataset based on the start_date field, valid values are &apos;asc&apos; or &apos;desc&apos;.&quot;}],&quot;rel&quot;:&quot;search&quot;,&quot;sort&quot;:[&quot;start_date&quot;],&quot;href&quot;:&quot;https://api.teamsnap.com/v3/events/search&quot;},{&quot;data&quot;:[{&quot;name&quot;:&quot;team_id&quot;,&quot;value&quot;:null},{&quot;name&quot;:&quot;page_size&quot;,&quot;value&quot;:null,&quot;prompt&quot;:&quot;The number of items to return for each page. Sending this parameter with the query will enable paging for the returned collection.&quot;},{&quot;name&quot;:&quot;page_number&quot;,&quot;value&quot;:null,&quot;prompt&quot;:&quot;The number of the page to be returned. This requires that paging be turned on by also providing the page_size parameter.&quot;}],&quot;rel&quot;:&quot;search_games&quot;,&quot;href&quot;:&quot;https://api.teamsnap.com/v3/events/search_games&quot;},{&quot;data&quot;:[{&quot;name&quot;:&quot;team_id&quot;,&quot;value&quot;:null}],&quot;rel&quot;:&quot;overview&quot;,&quot;href&quot;:&quot;https://api.teamsnap.com/v3/events/overview&quot;}],&quot;commands&quot;:[{&quot;data&quot;:[{&quot;name&quot;:&quot;id&quot;,&quot;value&quot;:null},{&quot;name&quot;:&quot;members_to_notify&quot;,&quot;value&quot;:null},{&quot;name&quot;:&quot;notify_team_as_member_id&quot;,&quot;value&quot;:null}],&quot;rel&quot;:&quot;send_availability_reminders&quot;,&quot;href&quot;:&quot;https://api.teamsnap.com/v3/events/send_availability_reminders&quot;,&quot;prompt&quot;:&quot;members_to_notify = [member_id, member_id]&quot;},{&quot;data&quot;:[{&quot;name&quot;:&quot;id&quot;,&quot;value&quot;:null},{&quot;name&quot;:&quot;points_for_team&quot;,&quot;value&quot;:null},{&quot;name&quot;:&quot;points_for_opponent&quot;,&quot;value&quot;:null},{&quot;name&quot;:&quot;shootout_points_for_team&quot;,&quot;value&quot;:null},{&quot;name&quot;:&quot;shootout_points_for_opponent&quot;,&quot;value&quot;:null},{&quot;name&quot;:&quot;is_overtime&quot;,&quot;value&quot;:null},{&quot;name&quot;:&quot;is_shootout&quot;,&quot;value&quot;:null},{&quot;name&quot;:&quot;results&quot;,&quot;value&quot;:null},{&quot;name&quot;:&quot;results_url&quot;,&quot;value&quot;:null}],&quot;rel&quot;:&quot;update_final_score&quot;,&quot;href&quot;:&quot;https://api.teamsnap.com/v3/events/update_final_score&quot;,&quot;prompt&quot;:&quot;Update the final score for an event&quot;},{&quot;data&quot;:[{&quot;name&quot;:&quot;templates&quot;,&quot;value&quot;:null},{&quot;name&quot;:&quot;team_id&quot;,&quot;value&quot;:null},{&quot;name&quot;:&quot;notify_team_as_member_id&quot;,&quot;value&quot;:null},{&quot;name&quot;:&quot;notify_team&quot;,&quot;value&quot;:null}],&quot;rel&quot;:&quot;bulk_create&quot;,&quot;href&quot;:&quot;https://api.teamsnap.com/v3/events/bulk_create&quot;,&quot;prompt&quot;:&quot;event_ids = [event_id, event_id]&quot;}]}}
Aug 05, 2017 6:33:28 PM teamsnap.apiClient.Query execute
INFO: {&quot;collection&quot;:{&quot;template&quot;:{&quot;data&quot;:[{&quot;name&quot;:&quot;type&quot;,&quot;value&quot;:&quot;event&quot;},{&quot;name&quot;:&quot;additional_location_details&quot;,&quot;value&quot;:null},{&quot;name&quot;:&quot;browser_time_zone&quot;,&quot;value&quot;:null},{&quot;name&quot;:&quot;division_location_id&quot;,&quot;value&quot;:null},{&quot;name&quot;:&quot;doesnt_count_towards_record&quot;,&quot;value&quot;:null},{&quot;name&quot;:&quot;duration_in_minutes&quot;,&quot;value&quot;:null},{&quot;name&quot;:&quot;game_type_code&quot;,&quot;value&quot;:null},{&quot;name&quot;:&quot;icon_color&quot;,&quot;value&quot;:null},{&quot;name&quot;:&quot;is_canceled&quot;,&quot;value&quot;:null},{&quot;name&quot;:&quot;is_game&quot;,&quot;value&quot;:null},{&quot;name&quot;:&quot;is_overtime&quot;,&quot;value&quot;:null},{&quot;name&quot;:&quot;is_shootout&quot;,&quot;value&quot;:null},{&quot;name&quot;:&quot;is_tbd&quot;,&quot;value&quot;:null},{&quot;name&quot;:&quot;label&quot;,&quot;value&quot;:null},{&quot;name&quot;:&quot;location_id&quot;,&quot;value&quot;:null},{&quot;name&quot;:&quot;minutes_to_arrive_early&quot;,&quot;value&quot;:null},{&quot;name&quot;:&quot;name&quot;,&quot;value&quot;:null},{&quot;name&quot;:&quot;notes&quot;,&quot;value&quot;:null},{&quot;name&quot;:&quot;notify_opponent&quot;,&quot;value&quot;:null},{&quot;name&quot;:&quot;notify_opponent_contacts_email&quot;,&quot;value&quot;:null},{&quot;name&quot;:&quot;notify_opponent_contacts_name&quot;,&quot;value&quot;:null},{&quot;name&quot;:&quot;notify_opponent_notes&quot;,&quot;value&quot;:null},{&quot;name&quot;:&quot;notify_team&quot;,&quot;value&quot;:null},{&quot;name&quot;:&quot;notify_team_as_member_id&quot;,&quot;value&quot;:null},{&quot;name&quot;:&quot;opponent_id&quot;,&quot;value&quot;:null},{&quot;name&quot;:&quot;points_for_opponent&quot;,&quot;value&quot;:null},{&quot;name&quot;:&quot;points_for_team&quot;,&quot;value&quot;:null},{&quot;name&quot;:&quot;repeating_include&quot;,&quot;value&quot;:null,&quot;prompt&quot;:&quot;When updating a repeating event, this is a required field. Values are: \&quot;all\&quot; - updates all events in this series, \&quot;future\&quot; - updates this event and all that occur after, \&quot;none\&quot; - only updates a single event.&quot;},{&quot;name&quot;:&quot;repeating_type_code&quot;,&quot;value&quot;:null,&quot;prompt&quot;:&quot;A code for the frequency of the repeated event, this is required with the \&quot;repeating_include\&quot; attribute when creating a repeating event. Valid values are: \&quot;1\&quot; - repeat an event daily, \&quot;2\&quot; - repeat an event weekly.&quot;},{&quot;name&quot;:&quot;repeating_until&quot;,&quot;value&quot;:null,&quot;prompt&quot;:&quot;A date when the repeating event should end, this is inclusive so an event will be created on this day if it falls before the next event specified by \&quot;repeating_type_code\&quot;. This attribute is required with \&quot;repeating_type_code\&quot; when creating a repeating event.&quot;},{&quot;name&quot;:&quot;results&quot;,&quot;value&quot;:null},{&quot;name&quot;:&quot;results_url&quot;,&quot;value&quot;:null},{&quot;name&quot;:&quot;shootout_points_for_opponent&quot;,&quot;value&quot;:null},{&quot;name&quot;:&quot;shootout_points_for_team&quot;,&quot;value&quot;:null},{&quot;name&quot;:&quot;start_date&quot;,&quot;value&quot;:null},{&quot;name&quot;:&quot;team_id&quot;,&quot;value&quot;:null},{&quot;name&quot;:&quot;time_zone&quot;,&quot;value&quot;:null},{&quot;name&quot;:&quot;tracks_availability&quot;,&quot;value&quot;:null},{&quot;name&quot;:&quot;uniform&quot;,&quot;value&quot;:null}]},&quot;rel&quot;:&quot;events&quot;,&quot;links&quot;:[{&quot;rel&quot;:&quot;assignments&quot;,&quot;href&quot;:&quot;https://api.teamsnap.com/v3/assignments&quot;},{&quot;rel&quot;:&quot;availabilities&quot;,&quot;href&quot;:&quot;https://api.teamsnap.com/v3/availabilities&quot;},{&quot;rel&quot;:&quot;division_location&quot;,&quot;href&quot;:&quot;https://api.teamsnap.com/v3/division_locations&quot;},{&quot;rel&quot;:&quot;event_statistics&quot;,&quot;href&quot;:&quot;https://api.teamsnap.com/v3/event_statistics&quot;},{&quot;rel&quot;:&quot;location&quot;,&quot;href&quot;:&quot;https://api.teamsnap.com/v3/locations&quot;},{&quot;rel&quot;:&quot;opponent&quot;,&quot;href&quot;:&quot;https://api.teamsnap.com/v3/opponents&quot;},{&quot;rel&quot;:&quot;statistic_data&quot;,&quot;href&quot;:&quot;https://api.teamsnap.com/v3/statistic_data&quot;},{&quot;rel&quot;:&quot;team&quot;,&quot;href&quot;:&quot;https://api.teamsnap.com/v3/teams&quot;},{&quot;rel&quot;:&quot;root&quot;,&quot;href&quot;:&quot;https://api.teamsnap.com/v3/&quot;},{&quot;rel&quot;:&quot;self&quot;,&quot;href&quot;:&quot;https://api.teamsnap.com/v3/events/search?team_id=3250054&quot;}],&quot;href&quot;:&quot;https://api.teamsnap.com/v3/events&quot;,&quot;version&quot;:&quot;3.518.0&quot;,&quot;queries&quot;:[{&quot;data&quot;:[{&quot;name&quot;:&quot;team_id&quot;,&quot;value&quot;:null},{&quot;name&quot;:&quot;location_id&quot;,&quot;value&quot;:null},{&quot;name&quot;:&quot;opponent_id&quot;,&quot;value&quot;:null},{&quot;name&quot;:&quot;started_after&quot;,&quot;value&quot;:null},{&quot;name&quot;:&quot;started_before&quot;,&quot;value&quot;:null},{&quot;name&quot;:&quot;repeating_uuid&quot;,&quot;value&quot;:null},{&quot;name&quot;:&quot;id&quot;,&quot;value&quot;:null},{&quot;name&quot;:&quot;is_game&quot;,&quot;value&quot;:null},{&quot;name&quot;:&quot;updated_since&quot;,&quot;value&quot;:null},{&quot;name&quot;:&quot;page_size&quot;,&quot;value&quot;:null,&quot;prompt&quot;:&quot;The number of items to return for each page. Sending this parameter with the query will enable paging for the returned collection.&quot;},{&quot;name&quot;:&quot;page_number&quot;,&quot;value&quot;:null,&quot;prompt&quot;:&quot;The number of the page to be returned. This requires that paging be turned on by also providing the page_size parameter.&quot;},{&quot;name&quot;:&quot;sort_start_date&quot;,&quot;value&quot;:null,&quot;prompt&quot;:&quot;Sort the returned dataset based on the start_date field, valid values are &apos;asc&apos; or &apos;desc&apos;.&quot;}],&quot;rel&quot;:&quot;search&quot;,&quot;sort&quot;:[&quot;start_date&quot;],&quot;href&quot;:&quot;https://api.teamsnap.com/v3/events/search&quot;},{&quot;data&quot;:[{&quot;name&quot;:&quot;team_id&quot;,&quot;value&quot;:null},{&quot;name&quot;:&quot;page_size&quot;,&quot;value&quot;:null,&quot;prompt&quot;:&quot;The number of items to return for each page. Sending this parameter with the query will enable paging for the returned collection.&quot;},{&quot;name&quot;:&quot;page_number&quot;,&quot;value&quot;:null,&quot;prompt&quot;:&quot;The number of the page to be returned. This requires that paging be turned on by also providing the page_size parameter.&quot;}],&quot;rel&quot;:&quot;search_games&quot;,&quot;href&quot;:&quot;https://api.teamsnap.com/v3/events/search_games&quot;},{&quot;data&quot;:[{&quot;name&quot;:&quot;team_id&quot;,&quot;value&quot;:null}],&quot;rel&quot;:&quot;overview&quot;,&quot;href&quot;:&quot;https://api.teamsnap.com/v3/events/overview&quot;}],&quot;commands&quot;:[{&quot;data&quot;:[{&quot;name&quot;:&quot;id&quot;,&quot;value&quot;:null},{&quot;name&quot;:&quot;members_to_notify&quot;,&quot;value&quot;:null},{&quot;name&quot;:&quot;notify_team_as_member_id&quot;,&quot;value&quot;:null}],&quot;rel&quot;:&quot;send_availability_reminders&quot;,&quot;href&quot;:&quot;https://api.teamsnap.com/v3/events/send_availability_reminders&quot;,&quot;prompt&quot;:&quot;members_to_notify = [member_id, member_id]&quot;},{&quot;data&quot;:[{&quot;name&quot;:&quot;id&quot;,&quot;value&quot;:null},{&quot;name&quot;:&quot;points_for_team&quot;,&quot;value&quot;:null},{&quot;name&quot;:&quot;points_for_opponent&quot;,&quot;value&quot;:null},{&quot;name&quot;:&quot;shootout_points_for_team&quot;,&quot;value&quot;:null},{&quot;name&quot;:&quot;shootout_points_for_opponent&quot;,&quot;value&quot;:null},{&quot;name&quot;:&quot;is_overtime&quot;,&quot;value&quot;:null},{&quot;name&quot;:&quot;is_shootout&quot;,&quot;value&quot;:null},{&quot;name&quot;:&quot;results&quot;,&quot;value&quot;:null},{&quot;name&quot;:&quot;results_url&quot;,&quot;value&quot;:null}],&quot;rel&quot;:&quot;update_final_score&quot;,&quot;href&quot;:&quot;https://api.teamsnap.com/v3/events/update_final_score&quot;,&quot;prompt&quot;:&quot;Update the final score for an event&quot;},{&quot;data&quot;:[{&quot;name&quot;:&quot;templates&quot;,&quot;value&quot;:null},{&quot;name&quot;:&quot;team_id&quot;,&quot;value&quot;:null},{&quot;name&quot;:&quot;notify_team_as_member_id&quot;,&quot;value&quot;:null},{&quot;name&quot;:&quot;notify_team&quot;,&quot;value&quot;:null}],&quot;rel&quot;:&quot;bulk_create&quot;,&quot;href&quot;:&quot;https://api.teamsnap.com/v3/events/bulk_create&quot;,&quot;prompt&quot;:&quot;event_ids = [event_id, event_id]&quot;}]}}
Aug 05, 2017 6:33:28 PM teamsnap.apiClient.Query execute
INFO: {&quot;collection&quot;:{&quot;template&quot;:{&quot;data&quot;:[{&quot;name&quot;:&quot;event_type&quot;,&quot;value&quot;:&quot;event&quot;},{&quot;name&quot;:&quot;duration_in_minutes&quot;,&quot;value&quot;:null},{&quot;name&quot;:&quot;duration_in_hours&quot;,&quot;value&quot;:null},{&quot;name&quot;:&quot;icon_color&quot;,&quot;value&quot;:null},{&quot;name&quot;:&quot;is_canceled&quot;,&quot;value&quot;:null},{&quot;name&quot;:&quot;is_tbd&quot;,&quot;value&quot;:null},{&quot;name&quot;:&quot;label&quot;,&quot;value&quot;:null},{&quot;name&quot;:&quot;location_id&quot;,&quot;value&quot;:null},{&quot;name&quot;:&quot;additional_location_details&quot;,&quot;value&quot;:null},{&quot;name&quot;:&quot;minutes_to_arrive_early&quot;,&quot;value&quot;:null},{&quot;name&quot;:&quot;name&quot;,&quot;value&quot;:null},{&quot;name&quot;:&quot;notes&quot;,&quot;value&quot;:null},{&quot;name&quot;:&quot;notify_team&quot;,&quot;value&quot;:null},{&quot;name&quot;:&quot;notify_team_as_member_id&quot;,&quot;value&quot;:null},{&quot;name&quot;:&quot;opponent_id&quot;,&quot;value&quot;:null},{&quot;name&quot;:&quot;start_date&quot;,&quot;value&quot;:null},{&quot;name&quot;:&quot;team_id&quot;,&quot;value&quot;:null},{&quot;name&quot;:&quot;division_id&quot;,&quot;value&quot;:null},{&quot;name&quot;:&quot;time_zone&quot;,&quot;value&quot;:null},{&quot;name&quot;:&quot;game_type_code&quot;,&quot;value&quot;:null},{&quot;name&quot;:&quot;doesnt_count_towards_record&quot;,&quot;value&quot;:null},{&quot;name&quot;:&quot;is_editing_restricted&quot;,&quot;value&quot;:null,&quot;prompt&quot;:&quot;This is an optional boolean value. When set to `true`, the created event will only be editable by the oauth application that created the event. This option is restricted to first-party applicaitons&quot;}]},&quot;rel&quot;:&quot;division_events&quot;,&quot;links&quot;:[{&quot;rel&quot;:&quot;assignments&quot;,&quot;href&quot;:&quot;https://api.teamsnap.com/v3/assignments&quot;},{&quot;rel&quot;:&quot;availabilities&quot;,&quot;href&quot;:&quot;https://api.teamsnap.com/v3/availabilities&quot;},{&quot;rel&quot;:&quot;division_event_import&quot;,&quot;href&quot;:&quot;https://api.teamsnap.com/v3/division_events_imports&quot;},{&quot;rel&quot;:&quot;division_location&quot;,&quot;href&quot;:&quot;https://api.teamsnap.com/v3/division_locations&quot;},{&quot;rel&quot;:&quot;event_statistics&quot;,&quot;href&quot;:&quot;https://api.teamsnap.com/v3/event_statistics&quot;},{&quot;rel&quot;:&quot;location&quot;,&quot;href&quot;:&quot;https://api.teamsnap.com/v3/locations&quot;},{&quot;rel&quot;:&quot;opponent&quot;,&quot;href&quot;:&quot;https://api.teamsnap.com/v3/opponents&quot;},{&quot;rel&quot;:&quot;statistic_data&quot;,&quot;href&quot;:&quot;https://api.teamsnap.com/v3/statistic_data&quot;},{&quot;rel&quot;:&quot;team&quot;,&quot;href&quot;:&quot;https://api.teamsnap.com/v3/teams&quot;},{&quot;rel&quot;:&quot;root&quot;,&quot;href&quot;:&quot;https://api.teamsnap.com/v3/&quot;},{&quot;rel&quot;:&quot;self&quot;,&quot;href&quot;:&quot;https://api.teamsnap.com/v3/division_events/search?division_id=219328&quot;}],&quot;href&quot;:&quot;https://api.teamsnap.com/v3/division_events&quot;,&quot;version&quot;:&quot;3.518.0&quot;,&quot;prompt&quot;:&quot;BETA: (This endpoint subject to change) Returns a collection associated with a division&apos;s events&quot;,&quot;queries&quot;:[{&quot;data&quot;:[{&quot;name&quot;:&quot;division_id&quot;,&quot;value&quot;:null},{&quot;name&quot;:&quot;id&quot;,&quot;value&quot;:null},{&quot;name&quot;:&quot;division_event_import_id&quot;,&quot;value&quot;:null},{&quot;name&quot;:&quot;division_location_id&quot;,&quot;value&quot;:null},{&quot;name&quot;:&quot;started_after&quot;,&quot;value&quot;:null},{&quot;name&quot;:&quot;is_game&quot;,&quot;value&quot;:null},{&quot;name&quot;:&quot;repeating_uuid&quot;,&quot;value&quot;:null},{&quot;name&quot;:&quot;page_size&quot;,&quot;value&quot;:null,&quot;prompt&quot;:&quot;The number of items to return for each page. Sending this parameter with the query will enable paging for the returned collection.&quot;},{&quot;name&quot;:&quot;page_number&quot;,&quot;value&quot;:null,&quot;prompt&quot;:&quot;The number of the page to be returned. This requires that paging be turned on by also providing the page_size parameter.&quot;},{&quot;name&quot;:&quot;sort_start_date&quot;,&quot;value&quot;:null,&quot;prompt&quot;:&quot;Sort the returned dataset based on the start_date field, valid values are &apos;asc&apos; or &apos;desc&apos;.&quot;}],&quot;rel&quot;:&quot;search&quot;,&quot;href&quot;:&quot;https://api.teamsnap.com/v3/division_events/search&quot;,&quot;sort&quot;:[&quot;start_date&quot;]}]}}
</system-err>
  </testcase>
</testsuite>